
> @OneCoach/schemas@0.0.0 type-check /Users/giulioleone/Sviluppo/CoachOne/packages/schemas
> tsc --noEmit

../constants/src/index.ts(7,15): error TS6059: File '/Users/giulioleone/Sviluppo/CoachOne/packages/constants/src/models.ts' is not under 'rootDir' '/Users/giulioleone/Sviluppo/CoachOne/packages/schemas/src'. 'rootDir' is expected to contain all source files.
  The file is in the program because:
    Imported via './models' from file '/Users/giulioleone/Sviluppo/CoachOne/packages/constants/src/index.ts'
    Imported via '@OneCoach/constants/models' from file '/Users/giulioleone/Sviluppo/CoachOne/packages/lib-ai-agents/src/core/providers/provider-options.service.ts'
    Imported via '@OneCoach/constants/models' from file '/Users/giulioleone/Sviluppo/CoachOne/packages/schemas/src/ai/chat.schemas.ts'
    Imported via '@OneCoach/constants/models' from file '/Users/giulioleone/Sviluppo/CoachOne/packages/lib-core/src/seeds/seed-ai-configs.ts'
    Imported via '@OneCoach/constants/models' from file '/Users/giulioleone/Sviluppo/CoachOne/packages/one-agent/src/agents/workout/createWorkoutMeshCoordinator.ts'
    Imported via '@OneCoach/constants/models' from file '/Users/giulioleone/Sviluppo/CoachOne/packages/one-agent/src/agents/copilot/CopilotMeshCoordinator.ts'
    Imported via '@OneCoach/constants/models' from file '/Users/giulioleone/Sviluppo/CoachOne/packages/lib-shared/src/utils/ai-agent-setup.ts'
    Imported via '@OneCoach/constants/models' from file '/Users/giulioleone/Sviluppo/CoachOne/packages/lib-exercise/src/exercise-admin.service.ts'
    Imported via '@OneCoach/constants/models' from file '/Users/giulioleone/Sviluppo/CoachOne/packages/lib-ai/src/agent-orchestrator/model-chain.service.ts'
    Imported via '@OneCoach/constants/models' from file '/Users/giulioleone/Sviluppo/CoachOne/packages/lib-ai/src/ai-config.service.ts'
    Imported via '@OneCoach/constants/models' from file '/Users/giulioleone/Sviluppo/CoachOne/packages/lib-food/src/food-admin.service.ts'
    Imported via '@OneCoach/constants/models' from file '/Users/giulioleone/Sviluppo/CoachOne/packages/lib-food/src/food-vision.service.ts'
    Imported via '@OneCoach/constants/models' from file '/Users/giulioleone/Sviluppo/CoachOne/packages/lib-ai-agents/src/advanced/subagent.ts'
    Imported via '@OneCoach/constants/models' from file '/Users/giulioleone/Sviluppo/CoachOne/packages/lib-ai-agents/src/advanced/adaptive-optimizer.ts'
    Imported via '@OneCoach/constants/models' from file '/Users/giulioleone/Sviluppo/CoachOne/packages/lib-ai-agents/src/orchestrator/complexity-evaluator.ts'
../constants/src/index.ts(7,15): error TS6307: File '/Users/giulioleone/Sviluppo/CoachOne/packages/constants/src/models.ts' is not listed within the file list of project '/Users/giulioleone/Sviluppo/CoachOne/packages/schemas/tsconfig.json'. Projects must list all files or use an 'include' pattern.
  The file is in the program because:
    Imported via './models' from file '/Users/giulioleone/Sviluppo/CoachOne/packages/constants/src/index.ts'
    Imported via '@OneCoach/constants/models' from file '/Users/giulioleone/Sviluppo/CoachOne/packages/lib-ai-agents/src/core/providers/provider-options.service.ts'
    Imported via '@OneCoach/constants/models' from file '/Users/giulioleone/Sviluppo/CoachOne/packages/schemas/src/ai/chat.schemas.ts'
    Imported via '@OneCoach/constants/models' from file '/Users/giulioleone/Sviluppo/CoachOne/packages/lib-core/src/seeds/seed-ai-configs.ts'
    Imported via '@OneCoach/constants/models' from file '/Users/giulioleone/Sviluppo/CoachOne/packages/one-agent/src/agents/workout/createWorkoutMeshCoordinator.ts'
    Imported via '@OneCoach/constants/models' from file '/Users/giulioleone/Sviluppo/CoachOne/packages/one-agent/src/agents/copilot/CopilotMeshCoordinator.ts'
    Imported via '@OneCoach/constants/models' from file '/Users/giulioleone/Sviluppo/CoachOne/packages/lib-shared/src/utils/ai-agent-setup.ts'
    Imported via '@OneCoach/constants/models' from file '/Users/giulioleone/Sviluppo/CoachOne/packages/lib-exercise/src/exercise-admin.service.ts'
    Imported via '@OneCoach/constants/models' from file '/Users/giulioleone/Sviluppo/CoachOne/packages/lib-ai/src/agent-orchestrator/model-chain.service.ts'
    Imported via '@OneCoach/constants/models' from file '/Users/giulioleone/Sviluppo/CoachOne/packages/lib-ai/src/ai-config.service.ts'
    Imported via '@OneCoach/constants/models' from file '/Users/giulioleone/Sviluppo/CoachOne/packages/lib-food/src/food-admin.service.ts'
    Imported via '@OneCoach/constants/models' from file '/Users/giulioleone/Sviluppo/CoachOne/packages/lib-food/src/food-vision.service.ts'
    Imported via '@OneCoach/constants/models' from file '/Users/giulioleone/Sviluppo/CoachOne/packages/lib-ai-agents/src/advanced/subagent.ts'
    Imported via '@OneCoach/constants/models' from file '/Users/giulioleone/Sviluppo/CoachOne/packages/lib-ai-agents/src/advanced/adaptive-optimizer.ts'
    Imported via '@OneCoach/constants/models' from file '/Users/giulioleone/Sviluppo/CoachOne/packages/lib-ai-agents/src/orchestrator/complexity-evaluator.ts'
../lib-ai-agents/src/orchestration/agent.ts(445,13): error TS2322: Type '{} | undefined' is not assignable to type 'Record<string, Tool> | undefined'.
  Type '{}' is not assignable to type 'Record<string, Tool>'.
    Index signature for type 'string' is missing in type '{}'.
../lib-ai/src/ai-framework-config.service.ts(32,7): error TS2740: Type '{ readonly workout_import: FrameworkFeature.IMPORT_MODELS; }' is missing the following properties from type 'Record<FrameworkFeature, FrameworkFeature>': consensus_system, skills_system, learning_feedback_loop, intelligent_mode_selection, and 6 more.
../lib-ai/src/ai-framework-config.service.ts(343,13): error TS2322: Type 'JsonValue' is not assignable to type 'NullableJsonNullValueInput | InputJsonValue | undefined'.
  Type 'null' is not assignable to type 'NullableJsonNullValueInput | InputJsonValue | undefined'.
../lib-ai/src/ai-framework-config.service.ts(349,13): error TS2322: Type 'JsonValue' is not assignable to type 'NullableJsonNullValueInput | InputJsonValue | undefined'.
  Type 'null' is not assignable to type 'NullableJsonNullValueInput | InputJsonValue | undefined'.
../lib-analytics/src/analytics.service.ts(732,7): error TS2322: Type 'InputJsonValue' is not assignable to type 'user_goalsCreateprogressLogsInput | InputJsonValue[] | undefined'.
  Type 'string' is not assignable to type 'user_goalsCreateprogressLogsInput | InputJsonValue[] | undefined'.
../lib-analytics/src/analytics.service.ts(831,7): error TS2322: Type 'unknown' is not assignable to type 'NullableJsonNullValueInput | InputJsonValue | undefined'.
../lib-api-client/src/core/native-client.ts(74,47): error TS2345: Argument of type 'unknown' is not assignable to parameter of type 'RequestOptions | undefined'.
../lib-api-client/src/core/native-client.ts(78,65): error TS18046: 'options' is of type 'unknown'.
../lib-api-client/src/hooks/use-auth.ts(36,57): error TS2339: Property 'role' does not exist on type 'User'.
../lib-api-client/src/hooks/use-auth.ts(40,9): error TS2322: Type 'string | undefined' is not assignable to type 'string'.
  Type 'undefined' is not assignable to type 'string'.
../lib-api-client/src/hooks/use-body-measurements.ts(14,8): error TS6133: 'CreateBodyMeasurementInput' is declared but its value is never read.
../lib-api-client/src/hooks/use-body-measurements.ts(101,15): error TS6133: 'err' is declared but its value is never read.
../lib-api-client/src/hooks/use-body-measurements.ts(101,20): error TS6133: 'newMeasurement' is declared but its value is never read.
../lib-api-client/src/hooks/use-body-measurements.ts(107,23): error TS6133: 'variables' is declared but its value is never read.
../lib-api-client/src/hooks/use-body-measurements.ts(112,11): error TS2345: Argument of type 'unknown[]' is not assignable to parameter of type 'Updater<BodyMeasurement[] | undefined, BodyMeasurement[] | undefined>'.
  Type 'unknown[]' is not assignable to type 'BodyMeasurement[]'.
    Type 'unknown' is not assignable to type 'BodyMeasurement'.
../lib-api-client/src/hooks/use-body-measurements.ts(112,61): error TS18046: 'm' is of type 'unknown'.
../lib-api-client/src/hooks/use-body-measurements.ts(160,13): error TS18046: 'm' is of type 'unknown'.
../lib-api-client/src/hooks/use-body-measurements.ts(162,19): error TS2698: Spread types may only be created from object types.
../lib-api-client/src/hooks/use-body-measurements.ts(173,15): error TS6133: 'err' is declared but its value is never read.
../lib-api-client/src/hooks/use-body-measurements.ts(220,55): error TS18046: 'm' is of type 'unknown'.
../lib-api-client/src/hooks/use-body-measurements.ts(226,15): error TS6133: 'err' is declared but its value is never read.
../lib-api-client/src/hooks/use-body-measurements.ts(235,17): error TS6133: 'data' is declared but its value is never read.
../lib-api-client/src/hooks/use-coach.ts(16,1): error TS6133: 'PublicCoachProfileResponse' is declared but its value is never read.
../lib-api-client/src/hooks/use-exercise.ts(158,15): error TS6133: 'err' is declared but its value is never read.
../lib-api-client/src/hooks/use-exercise.ts(158,20): error TS6133: 'variables' is declared but its value is never read.
../lib-api-client/src/hooks/use-health.ts(12,31): error TS6133: 'HealthSummary' is declared but its value is never read.
../lib-api-client/src/hooks/use-health.ts(48,9): error TS6133: 'setHealthSummary' is declared but its value is never read.
../lib-api-client/src/hooks/use-health.ts(49,9): error TS6133: 'clearSyncError' is declared but its value is never read.
../lib-api-client/src/hooks/use-health.ts(60,23): error TS6133: 'response' is declared but its value is never read.
../lib-api-client/src/hooks/use-iap.ts(17,28): error TS6133: 'SubscriptionStatus' is declared but its value is never read.
../lib-api-client/src/hooks/use-iap.ts(17,53): error TS6133: 'IAPProduct' is declared but its value is never read.
../lib-api-client/src/hooks/use-iap.ts(106,9): error TS6133: 'setSubscriptionStatus' is declared but its value is never read.
../lib-api-client/src/hooks/use-marketplace.ts(3,1): error TS6133: 'MarketplacePlan' is declared but its value is never read.
../lib-api-client/src/hooks/use-marketplace.ts(13,29): error TS2339: Property 'list' does not exist on type '{ getAll(filters?: { planType?: "NUTRITION" | "WORKOUT" | undefined; minPrice?: number | undefined; maxPrice?: number | undefined; minRating?: number | undefined; coachId?: string | undefined; ... 4 more ...; limit?: number | undefined; } | undefined): Promise<...>; getById(id: string): Promise<...>; }'.
../lib-api-client/src/hooks/use-nutrition.ts(12,1): error TS6192: All imports in import declaration are unused.
../lib-api-client/src/hooks/use-profile.ts(11,32): error TS6196: 'ProfileUpdatePayload' is declared but never used.
../lib-api-client/src/hooks/use-profile.ts(62,15): error TS6133: 'err' is declared but its value is never read.
../lib-api-client/src/hooks/use-profile.ts(62,20): error TS6133: 'newProfile' is declared but its value is never read.
../lib-api-client/src/hooks/use-projects.ts(10,53): error TS6133: 'ProjectsResponse' is declared but its value is never read.
../lib-api-client/src/hooks/use-workout.ts(12,1): error TS6192: All imports in import declaration are unused.
../lib-api-client/src/interceptors/retry.interceptor.ts(15,9): error TS2416: Property 'onResponse' in type 'RetryInterceptor' is not assignable to the same property in base type 'ResponseInterceptor'.
  Type '<_T>(response: unknown) => Promise<unknown>' is not assignable to type '<T>(response: ResponseConfig<T>) => ResponseConfig<T> | Promise<ResponseConfig<T>>'.
    Type 'Promise<unknown>' is not assignable to type 'ResponseConfig<T> | Promise<ResponseConfig<T>>'.
      Type 'Promise<unknown>' is not assignable to type 'Promise<ResponseConfig<T>>'.
        Type 'unknown' is not assignable to type 'ResponseConfig<T>'.
../lib-api-client/src/queries/direct-messaging.queries.ts(52,5): error TS6133: 'userId' is declared but its value is never read.
../lib-api-client/src/queries/direct-messaging.queries.ts(53,5): error TS6133: 'role' is declared but its value is never read.
../lib-api-client/src/queries/direct-messaging.queries.ts(113,26): error TS6133: 'userId' is declared but its value is never read.
../lib-api-client/src/queries/iap.queries.ts(8,15): error TS6196: 'IAPProduct' is declared but never used.
../lib-api-client/src/queries/iap.queries.ts(8,64): error TS2307: Cannot find module '../../stores/iap.store' or its corresponding type declarations.
../lib-api/src/core/native-client.ts(74,47): error TS2345: Argument of type 'unknown' is not assignable to parameter of type 'RequestOptions | undefined'.
../lib-api/src/core/native-client.ts(78,65): error TS18046: 'options' is of type 'unknown'.
../lib-api/src/hooks/use-auth.ts(36,57): error TS2339: Property 'role' does not exist on type 'User'.
../lib-api/src/hooks/use-auth.ts(40,9): error TS2322: Type 'string | undefined' is not assignable to type 'string'.
  Type 'undefined' is not assignable to type 'string'.
../lib-api/src/hooks/use-body-measurements.ts(14,8): error TS6133: 'CreateBodyMeasurementInput' is declared but its value is never read.
../lib-api/src/hooks/use-body-measurements.ts(101,15): error TS6133: 'err' is declared but its value is never read.
../lib-api/src/hooks/use-body-measurements.ts(101,20): error TS6133: 'newMeasurement' is declared but its value is never read.
../lib-api/src/hooks/use-body-measurements.ts(107,23): error TS6133: 'variables' is declared but its value is never read.
../lib-api/src/hooks/use-body-measurements.ts(112,11): error TS2345: Argument of type 'unknown[]' is not assignable to parameter of type 'Updater<BodyMeasurement[] | undefined, BodyMeasurement[] | undefined>'.
  Type 'unknown[]' is not assignable to type 'BodyMeasurement[]'.
    Type 'unknown' is not assignable to type 'BodyMeasurement'.
../lib-api/src/hooks/use-body-measurements.ts(112,61): error TS18046: 'm' is of type 'unknown'.
../lib-api/src/hooks/use-body-measurements.ts(160,13): error TS18046: 'm' is of type 'unknown'.
../lib-api/src/hooks/use-body-measurements.ts(162,19): error TS2698: Spread types may only be created from object types.
../lib-api/src/hooks/use-body-measurements.ts(173,15): error TS6133: 'err' is declared but its value is never read.
../lib-api/src/hooks/use-body-measurements.ts(220,55): error TS18046: 'm' is of type 'unknown'.
../lib-api/src/hooks/use-body-measurements.ts(226,15): error TS6133: 'err' is declared but its value is never read.
../lib-api/src/hooks/use-body-measurements.ts(235,17): error TS6133: 'data' is declared but its value is never read.
../lib-api/src/hooks/use-coach.ts(16,1): error TS6133: 'PublicCoachProfileResponse' is declared but its value is never read.
../lib-api/src/hooks/use-exercise.ts(10,47): error TS1484: 'ExerciseListParams' is a type and must be imported using a type-only import when 'verbatimModuleSyntax' is enabled.
../lib-api/src/hooks/use-exercise.ts(10,67): error TS1484: 'Exercise' is a type and must be imported using a type-only import when 'verbatimModuleSyntax' is enabled.
../lib-api/src/hooks/use-exercise.ts(12,1): error TS6133: 'ExerciseApprovalStatus' is declared but its value is never read.
../lib-api/src/hooks/use-health-native.ts(25,8): error TS2307: Cannot find module '../../stores/health.store' or its corresponding type declarations.
../lib-api/src/hooks/use-health-native.ts(27,30): error TS2307: Cannot find module '../../stores/auth.store' or its corresponding type declarations.
../lib-api/src/hooks/use-health-native.ts(30,3): error TS2305: Module '"@OneCoach/constants"' has no exported member 'APPLE_HEALTH_PERMISSIONS'.
../lib-api/src/hooks/use-health-native.ts(31,3): error TS2305: Module '"@OneCoach/constants"' has no exported member 'ANDROID_HEALTH_PERMISSIONS'.
../lib-api/src/hooks/use-health-native.ts(32,3): error TS2305: Module '"@OneCoach/constants"' has no exported member 'HEALTH_DATA_TYPES'.
../lib-api/src/hooks/use-health-native.ts(33,3): error TS2305: Module '"@OneCoach/constants"' has no exported member 'DEFAULT_SYNC_DAYS'.
../lib-api/src/hooks/use-health-native.ts(34,3): error TS2305: Module '"@OneCoach/constants"' has no exported member 'HEALTH_STORAGE_KEYS'.
../lib-api/src/hooks/use-health-native.ts(36,24): error TS2307: Cannot find module '../../utils/logger' or its corresponding type declarations.
../lib-api/src/hooks/use-health-native.ts(37,33): error TS2307: Cannot find module '../../utils/error' or its corresponding type declarations.
../lib-api/src/hooks/use-health-native.ts(49,30): error TS7006: Parameter 'state' implicitly has an 'any' type.
../lib-api/src/hooks/use-health-native.ts(135,24): error TS7006: Parameter 'prev' implicitly has an 'any' type.
../lib-api/src/hooks/use-health-native.ts(205,5): error TS6133: 'dataType' is declared but its value is never read.
../lib-api/src/hooks/use-health-native.ts(206,5): error TS6133: 'startDate' is declared but its value is never read.
../lib-api/src/hooks/use-health-native.ts(207,5): error TS6133: 'endDate' is declared but its value is never read.
../lib-api/src/hooks/use-health-native.ts(220,20): error TS7006: Parameter 'prev' implicitly has an 'any' type.
../lib-api/src/hooks/use-health-native.ts(250,22): error TS7006: Parameter 'prev' implicitly has an 'any' type.
../lib-api/src/hooks/use-health.ts(12,31): error TS6133: 'HealthSummary' is declared but its value is never read.
../lib-api/src/hooks/use-health.ts(12,52): error TS2307: Cannot find module '../../stores/health.store' or its corresponding type declarations.
../lib-api/src/hooks/use-health.ts(13,33): error TS2307: Cannot find module '../../utils/error' or its corresponding type declarations.
../lib-api/src/hooks/use-health.ts(21,44): error TS7006: Parameter 'state' implicitly has an 'any' type.
../lib-api/src/hooks/use-health.ts(47,41): error TS7006: Parameter 'state' implicitly has an 'any' type.
../lib-api/src/hooks/use-health.ts(48,9): error TS6133: 'setHealthSummary' is declared but its value is never read.
../lib-api/src/hooks/use-health.ts(48,44): error TS7006: Parameter 'state' implicitly has an 'any' type.
../lib-api/src/hooks/use-health.ts(49,9): error TS6133: 'clearSyncError' is declared but its value is never read.
../lib-api/src/hooks/use-health.ts(49,42): error TS7006: Parameter 'state' implicitly has an 'any' type.
../lib-api/src/hooks/use-health.ts(54,22): error TS7006: Parameter 'prev' implicitly has an 'any' type.
../lib-api/src/hooks/use-health.ts(60,23): error TS6133: 'response' is declared but its value is never read.
../lib-api/src/hooks/use-health.ts(73,22): error TS7006: Parameter 'prev' implicitly has an 'any' type.
../lib-api/src/hooks/use-health.ts(86,38): error TS7006: Parameter 'state' implicitly has an 'any' type.
../lib-api/src/hooks/use-iap-native.ts(22,8): error TS6133: 'Product' is declared but its value is never read.
../lib-api/src/hooks/use-iap-native.ts(27,3): error TS6133: 'useIAPStore' is declared but its value is never read.
../lib-api/src/hooks/use-iap-native.ts(31,8): error TS2307: Cannot find module '../../stores/iap.store' or its corresponding type declarations.
../lib-api/src/hooks/use-iap-native.ts(33,10): error TS2305: Module '"@OneCoach/constants"' has no exported member 'ALL_PRODUCT_IDS'.
../lib-api/src/hooks/use-iap-native.ts(33,27): error TS2305: Module '"@OneCoach/constants"' has no exported member 'PRODUCT_TO_PLAN_MAP'.
../lib-api/src/hooks/use-iap-native.ts(34,32): error TS2307: Cannot find module '../../stores/iap.store' or its corresponding type declarations.
../lib-api/src/hooks/use-iap-native.ts(35,24): error TS2307: Cannot find module '../../utils/logger' or its corresponding type declarations.
../lib-api/src/hooks/use-iap-native.ts(115,20): error TS18046: 'product' is of type 'unknown'.
../lib-api/src/hooks/use-iap-native.ts(116,16): error TS18046: 'product' is of type 'unknown'.
../lib-api/src/hooks/use-iap-native.ts(117,19): error TS18046: 'product' is of type 'unknown'.
../lib-api/src/hooks/use-iap-native.ts(118,25): error TS18046: 'product' is of type 'unknown'.
../lib-api/src/hooks/use-iap-native.ts(119,16): error TS18046: 'product' is of type 'unknown'.
../lib-api/src/hooks/use-iap-native.ts(119,33): error TS18046: 'product' is of type 'unknown'.
../lib-api/src/hooks/use-iap-native.ts(120,22): error TS18046: 'product' is of type 'unknown'.
../lib-api/src/hooks/use-iap-native.ts(121,51): error TS18046: 'product' is of type 'unknown'.
../lib-api/src/hooks/use-iap-native.ts(237,18): error TS18046: 'purchase' is of type 'unknown'.
../lib-api/src/hooks/use-iap-native.ts(238,20): error TS18046: 'purchase' is of type 'unknown'.
../lib-api/src/hooks/use-iap-native.ts(241,30): error TS18046: 'purchase' is of type 'unknown'.
../lib-api/src/hooks/use-iap.ts(17,28): error TS6133: 'SubscriptionStatus' is declared but its value is never read.
../lib-api/src/hooks/use-iap.ts(17,53): error TS6133: 'IAPProduct' is declared but its value is never read.
../lib-api/src/hooks/use-iap.ts(17,71): error TS2307: Cannot find module '../../stores/iap.store' or its corresponding type declarations.
../lib-api/src/hooks/use-iap.ts(18,33): error TS2307: Cannot find module '../../utils/error' or its corresponding type declarations.
../lib-api/src/hooks/use-iap.ts(26,46): error TS7006: Parameter 'state' implicitly has an 'any' type.
../lib-api/src/hooks/use-iap.ts(55,41): error TS7006: Parameter 'state' implicitly has an 'any' type.
../lib-api/src/hooks/use-iap.ts(56,33): error TS7006: Parameter 'state' implicitly has an 'any' type.
../lib-api/src/hooks/use-iap.ts(57,46): error TS7006: Parameter 'state' implicitly has an 'any' type.
../lib-api/src/hooks/use-iap.ts(104,41): error TS7006: Parameter 'state' implicitly has an 'any' type.
../lib-api/src/hooks/use-iap.ts(105,33): error TS7006: Parameter 'state' implicitly has an 'any' type.
../lib-api/src/hooks/use-iap.ts(106,9): error TS6133: 'setSubscriptionStatus' is declared but its value is never read.
../lib-api/src/hooks/use-iap.ts(106,46): error TS7006: Parameter 'state' implicitly has an 'any' type.
../lib-api/src/hooks/use-marketplace.ts(9,38): error TS6133: 'useMutation' is declared but its value is never read.
../lib-api/src/hooks/use-marketplace.ts(9,51): error TS6133: 'useQueryClient' is declared but its value is never read.
../lib-api/src/hooks/use-marketplace.ts(15,1): error TS6133: 'MarketplacePlan' is declared but its value is never read.
../lib-api/src/hooks/use-nutrition.ts(12,1): error TS6192: All imports in import declaration are unused.
../lib-api/src/hooks/use-profile.ts(11,32): error TS6196: 'ProfileUpdatePayload' is declared but never used.
../lib-api/src/hooks/use-profile.ts(62,15): error TS6133: 'err' is declared but its value is never read.
../lib-api/src/hooks/use-profile.ts(62,20): error TS6133: 'newProfile' is declared but its value is never read.
../lib-api/src/hooks/use-workout.ts(12,1): error TS6192: All imports in import declaration are unused.
../lib-api/src/interceptors/retry.interceptor.ts(15,9): error TS2416: Property 'onResponse' in type 'RetryInterceptor' is not assignable to the same property in base type 'ResponseInterceptor'.
  Type '<_T>(response: unknown) => Promise<unknown>' is not assignable to type '<T>(response: ResponseConfig<T>) => ResponseConfig<T> | Promise<ResponseConfig<T>>'.
    Type 'Promise<unknown>' is not assignable to type 'ResponseConfig<T> | Promise<ResponseConfig<T>>'.
      Type 'Promise<unknown>' is not assignable to type 'Promise<ResponseConfig<T>>'.
        Type 'unknown' is not assignable to type 'ResponseConfig<T>'.
../lib-api/src/queries/auth.queries.ts(7,27): error TS2307: Cannot find module '../../stores/auth.store' or its corresponding type declarations.
../lib-api/src/queries/health.queries.ts(8,52): error TS2307: Cannot find module '../../stores/health.store' or its corresponding type declarations.
../lib-api/src/queries/iap.queries.ts(8,15): error TS6196: 'IAPProduct' is declared but never used.
../lib-api/src/queries/iap.queries.ts(8,64): error TS2307: Cannot find module '../../stores/iap.store' or its corresponding type declarations.
../lib-api/src/queries/marketplace.queries.ts(7,1): error TS6133: 'apiClient' is declared but its value is never read.
../lib-api/src/queries/onboarding.queries.ts(7,41): error TS2307: Cannot find module '../../stores/onboarding.store' or its corresponding type declarations.
../lib-api/src/react-query/provider.tsx(73,42): error TS18046: 'mod' is of type 'unknown'.
../lib-core/src/auth/admin-seed.ts(31,5): error TS2322: Type '{ email: string; name: string; role: "ADMIN"; createdAt: Date; updatedAt: Date; }' is not assignable to type '(Without<usersCreateInput, usersUncheckedCreateInput> & usersUncheckedCreateInput) | (Without<...> & usersCreateInput)'.
  Type '{ email: string; name: string; role: "ADMIN"; createdAt: Date; updatedAt: Date; }' is not assignable to type 'Without<usersUncheckedCreateInput, usersCreateInput> & usersCreateInput'.
    Property 'password' is missing in type '{ email: string; name: string; role: "ADMIN"; createdAt: Date; updatedAt: Date; }' but required in type 'usersCreateInput'.
../lib-core/src/onboarding.service.ts(259,7): error TS2322: Type 'string | null' is not assignable to type 'string'.
  Type 'null' is not assignable to type 'string'.
../lib-core/src/policy.service.ts(183,7): error TS2561: Object literal may only specify known properties, but 'updatedById' does not exist in type 'policiesUpdateInput'. Did you mean to write 'updatedBy'?
../lib-core/src/stripe.ts(18,5): error TS2322: Type '"2025-10-29.clover"' is not assignable to type '"2025-11-17.clover"'.
../lib-core/src/subscription.service.ts(133,26): error TS2339: Property 'coupon' does not exist on type 'SubscriptionCreateParams'.
../lib-core/src/subscription.service.ts(201,20): error TS2532: Object is possibly 'undefined'.
../lib-core/src/subscription.service.ts(247,12): error TS2678: Type '"payment_intent.refunded"' is not comparable to type '"checkout.session.completed" | "customer.subscription.created" | "customer.subscription.updated" | "customer.subscription.deleted" | "invoice.paid" | "invoice.payment_failed" | ... 246 more ... | "treasury.received_debit.created"'.
../lib-core/src/subscription.service.ts(248,7): error TS2578: Unused '@ts-expect-error' directive.
../lib-core/src/subscription.service.ts(300,51): error TS2339: Property 'current_period_start' does not exist on type 'Subscription'.
../lib-core/src/subscription.service.ts(301,49): error TS2339: Property 'current_period_end' does not exist on type 'Subscription'.
../lib-core/src/subscription.service.ts(331,53): error TS2339: Property 'current_period_start' does not exist on type 'Subscription'.
../lib-core/src/subscription.service.ts(332,51): error TS2339: Property 'current_period_end' does not exist on type 'Subscription'.
../lib-core/src/subscription.service.ts(357,18): error TS2339: Property 'subscription' does not exist on type 'Invoice'.
../lib-core/src/subscription.service.ts(359,46): error TS2339: Property 'subscription' does not exist on type 'Invoice'.
../lib-core/src/subscription.service.ts(375,18): error TS2339: Property 'subscription' does not exist on type 'Invoice'.
../lib-core/src/subscription.service.ts(377,46): error TS2339: Property 'subscription' does not exist on type 'Invoice'.
../lib-core/src/subscription.service.ts(439,39): error TS6133: 'refundData' is declared but its value is never read.
../lib-core/src/subscription.service.ts(439,56): error TS6133: 'eventId' is declared but its value is never read.
../lib-core/src/subscription.service.ts(459,21): error TS2367: This comparison appears to be unintentional because the types 'SubscriptionPlan' and '"FREE"' have no overlap.
../lib-core/src/user-memory.service.ts(462,9): error TS2322: Type 'DomainMemory' is not assignable to type 'TasksMemory & OneAgendaMemory & NutritionMemory & WorkoutMemory & ProjectsMemory & HabitsMemory & GeneralMemory'.
  Type 'DomainMemory' is not assignable to type 'TasksMemory'.
    Types of property 'patterns' are incompatible.
      Type 'MemoryPattern[]' is not assignable to type '(MemoryPattern & { type: "COMPLETION_PATTERN" | "TASK_PATTERN" | "PRIORITY_PATTERN"; })[]'.
        Type 'MemoryPattern' is not assignable to type 'MemoryPattern & { type: "COMPLETION_PATTERN" | "TASK_PATTERN" | "PRIORITY_PATTERN"; }'.
          Type 'MemoryPattern' is not assignable to type '{ type: "COMPLETION_PATTERN" | "TASK_PATTERN" | "PRIORITY_PATTERN"; }'.
            Types of property 'type' are incompatible.
              Type 'string' is not assignable to type '"COMPLETION_PATTERN" | "TASK_PATTERN" | "PRIORITY_PATTERN"'.
../lib-core/src/user-memory/analyzer.ts(247,11): error TS2322: Type 'MemoryPattern' is not assignable to type '(MemoryPattern & { type: "WORKOUT_FREQUENCY" | "SPLIT_PREFERENCE" | "EXERCISE_PREFERENCE" | "PROGRESSION_PATTERN"; }) | (MemoryPattern & { ...; }) | ... 4 more ... | (MemoryPattern & { ...; })'.
  Type 'MemoryPattern' is not assignable to type 'MemoryPattern & { type: "COMMUNICATION_PATTERN" | "USAGE_PATTERN" | "PREFERENCE_PATTERN"; }'.
    Type 'MemoryPattern' is not assignable to type '{ type: "COMMUNICATION_PATTERN" | "USAGE_PATTERN" | "PREFERENCE_PATTERN"; }'.
      Types of property 'type' are incompatible.
        Type 'string' is not assignable to type '"COMMUNICATION_PATTERN" | "USAGE_PATTERN" | "PREFERENCE_PATTERN"'.
../lib-core/src/user-memory/analyzer.ts(249,32): error TS2345: Argument of type 'MemoryPattern' is not assignable to parameter of type '(MemoryPattern & { type: "WORKOUT_FREQUENCY" | "SPLIT_PREFERENCE" | "EXERCISE_PREFERENCE" | "PROGRESSION_PATTERN"; }) | (MemoryPattern & { ...; }) | ... 4 more ... | (MemoryPattern & { ...; })'.
  Type 'MemoryPattern' is not assignable to type 'MemoryPattern & { type: "COMMUNICATION_PATTERN" | "USAGE_PATTERN" | "PREFERENCE_PATTERN"; }'.
    Type 'MemoryPattern' is not assignable to type '{ type: "COMMUNICATION_PATTERN" | "USAGE_PATTERN" | "PREFERENCE_PATTERN"; }'.
      Types of property 'type' are incompatible.
        Type 'string' is not assignable to type '"COMMUNICATION_PATTERN" | "USAGE_PATTERN" | "PREFERENCE_PATTERN"'.
../lib-core/src/user-memory/analyzer.ts(344,40): error TS7006: Parameter 'pattern' implicitly has an 'any' type.
../lib-core/src/user-profile.service.ts(10,15): error TS6196: 'ActivityLevel' is declared but never used.
../lib-core/src/user-profile.service.ts(10,30): error TS6196: 'Sex' is declared but never used.
../lib-core/src/user-profile.service.ts(10,35): error TS6196: 'WeightUnit' is declared but never used.
../lib-core/src/user-profile.service.ts(10,47): error TS6196: 'DietType' is declared but never used.
../lib-core/src/user-profile.service.ts(22,41): error TS2339: Property 'trim' does not exist on type '{}'.
../lib-exercise/src/exercise-admin.service.ts(827,42): error TS6133: 'batchIndex' is declared but its value is never read.
../lib-exercise/src/exercise-admin.service.ts(1080,72): error TS2339: Property 'provider' does not exist on type 'Promise<ModelConfig>'.
../lib-exercise/src/exercise-admin.service.ts(1083,78): error TS2339: Property 'provider' does not exist on type 'Promise<ModelConfig>'.
../lib-exercise/src/exercise-admin.service.ts(1088,7): error TS2345: Argument of type 'Promise<ModelConfig>' is not assignable to parameter of type 'ModelConfig'.
  Type 'Promise<ModelConfig>' is missing the following properties from type 'ModelConfig': provider, model, maxTokens, creditsPerRequest
../lib-exercise/src/exercise-id-resolver.service.ts(72,59): error TS18046: 't' is of type 'unknown'.
../lib-exercise/src/exercise-id-resolver.service.ts(73,59): error TS18046: 't' is of type 'unknown'.
../lib-exercise/src/exercise-id-resolver.service.ts(78,23): error TS18046: 't' is of type 'unknown'.
../lib-exercise/src/exercise.service.ts(14,15): error TS2300: Duplicate identifier 'ExercisesResponse'.
../lib-exercise/src/exercise.service.ts(187,15): error TS2300: Duplicate identifier 'ExercisesResponse'.
../lib-exercise/src/exercise.service.ts(192,45): error TS2344: Type 'LocalizedExercise' does not satisfy the constraint 'Exercise'.
  Property 'name' is missing in type 'LocalizedExercise' but required in type 'Exercise'.
../lib-exercise/src/one-rep-max.service.ts(128,11): error TS2353: Object literal may only specify known properties, and 'userId_exerciseId' does not exist in type 'user_one_rep_maxWhereUniqueInput'.
../lib-exercise/src/one-rep-max.service.ts(219,11): error TS2353: Object literal may only specify known properties, and 'userId_exerciseId' does not exist in type 'user_one_rep_maxWhereUniqueInput'.
../lib-exercise/src/one-rep-max.service.ts(236,15): error TS2322: Type 'string | null' is not assignable to type 'string'.
  Type 'null' is not assignable to type 'string'.
../lib-exercise/src/one-rep-max.service.ts(249,15): error TS2353: Object literal may only specify known properties, and 'userId_exerciseId' does not exist in type 'user_one_rep_maxWhereUniqueInput'.
../lib-exercise/src/one-rep-max.service.ts(387,11): error TS2353: Object literal may only specify known properties, and 'userId_exerciseId' does not exist in type 'user_one_rep_maxWhereUniqueInput'.
../lib-exercise/src/one-rep-max.service.ts(430,11): error TS2353: Object literal may only specify known properties, and 'userId_exerciseId' does not exist in type 'user_one_rep_maxWhereUniqueInput'.
../lib-food/src/food-admin.service.ts(145,58): error TS18046: 'f' is of type 'unknown'.
../lib-food/src/food-admin.service.ts(225,59): error TS18046: 'f' is of type 'unknown'.
../lib-food/src/food-admin.service.ts(244,14): error TS18046: 'food' is of type 'unknown'.
../lib-food/src/food-admin.service.ts(244,27): error TS18046: 'food' is of type 'unknown'.
../lib-food/src/food-admin.service.ts(248,14): error TS18046: 'food' is of type 'unknown'.
../lib-food/src/food-admin.service.ts(248,34): error TS18046: 'food' is of type 'unknown'.
../lib-food/src/food-admin.service.ts(252,14): error TS18046: 'food' is of type 'unknown'.
../lib-food/src/food-admin.service.ts(256,14): error TS18046: 'food' is of type 'unknown'.
../lib-food/src/food-admin.service.ts(256,34): error TS18046: 'food' is of type 'unknown'.
../lib-food/src/food-admin.service.ts(256,58): error TS18046: 'food' is of type 'unknown'.
../lib-food/src/food-admin.service.ts(263,11): error TS18046: 'food' is of type 'unknown'.
../lib-food/src/food-admin.service.ts(264,18): error TS18046: 'food' is of type 'unknown'.
../lib-food/src/food-admin.service.ts(265,11): error TS18046: 'food' is of type 'unknown'.
../lib-food/src/food-admin.service.ts(267,13): error TS18046: 'food' is of type 'unknown'.
../lib-food/src/food-admin.service.ts(270,34): error TS18046: 'food' is of type 'unknown'.
../lib-food/src/food-admin.service.ts(279,17): error TS18046: 'food' is of type 'unknown'.
../lib-food/src/food-admin.service.ts(280,24): error TS18046: 'food' is of type 'unknown'.
../lib-food/src/food-admin.service.ts(281,26): error TS18046: 'food' is of type 'unknown'.
../lib-food/src/food-admin.service.ts(282,24): error TS18046: 'food' is of type 'unknown'.
../lib-food/src/food-admin.service.ts(283,17): error TS18046: 'food' is of type 'unknown'.
../lib-food/src/food-admin.service.ts(284,22): error TS18046: 'food' is of type 'unknown'.
../lib-food/src/food-admin.service.ts(285,24): error TS18046: 'food' is of type 'unknown'.
../lib-food/src/food-admin.service.ts(286,34): error TS18046: 'food' is of type 'unknown'.
../lib-food/src/food-admin.service.ts(362,67): error TS2345: Argument of type 'unknown' is not assignable to parameter of type '{ name: string; description: string; macrosPer100g: { calories: number; protein: number; carbs: number; fats: number; fiber?: number | undefined; }; servingSize: number; unit: string; barcode?: string | undefined; ... 6 more ...; translations?: { ...; }[] | undefined; }'.
../lib-food/src/food-admin.service.ts(450,69): error TS18046: 'c' is of type 'unknown'.
../lib-food/src/food-matching.service.ts(122,7): error TS2322: Type 'number | undefined' is not assignable to type 'number'.
  Type 'undefined' is not assignable to type 'number'.
../lib-food/src/food-vision.service.ts(151,50): error TS2339: Property 'checkCredits' does not exist on type 'typeof CreditService'.
../lib-food/src/food-vision.service.ts(157,25): error TS2339: Property 'consumeCredits' does not exist on type 'typeof CreditService'.
../lib-food/src/food-vision.service.ts(225,13): error TS2552: Cannot find name 'creditService'. Did you mean 'CreditService'?
../lib-food/src/food-vision.service.ts(245,36): error TS2552: Cannot find name 'creditService'. Did you mean 'CreditService'?
../lib-food/src/food-vision.service.ts(251,11): error TS2552: Cannot find name 'creditService'. Did you mean 'CreditService'?
../lib-food/src/food-vision.service.ts(319,28): error TS18046: 'item' is of type 'unknown'.
../lib-food/src/food-vision.service.ts(329,27): error TS2339: Property 'addCredits' does not exist on type 'typeof CreditService'.
../lib-food/src/food.service.ts(148,57): error TS2345: Argument of type 'unknown' is not assignable to parameter of type 'FoodItemWithRelations'.
  Type 'unknown' is not assignable to type '{ food_item_translations: { name: string; id: string; createdAt: Date; updatedAt: Date; description: string; locale: string; foodItemId: string; }[]; }'.
../lib-food/src/food.service.ts(171,57): error TS2345: Argument of type 'unknown' is not assignable to parameter of type 'FoodItemWithRelations'.
  Type 'unknown' is not assignable to type '{ food_item_translations: { name: string; id: string; createdAt: Date; updatedAt: Date; description: string; locale: string; foodItemId: string; }[]; }'.
../lib-import-core/src/mime-router.ts(1,10): error TS1484: 'MimeRouterHandlers' is a type and must be imported using a type-only import when 'verbatimModuleSyntax' is enabled.
../lib-import-core/src/mime-router.ts(1,30): error TS1484: 'MimeHandler' is a type and must be imported using a type-only import when 'verbatimModuleSyntax' is enabled.
../lib-import-core/src/vision.ts(2,1): error TS6133: 'z' is declared but its value is never read.
../lib-import-core/src/vision.ts(4,15): error TS2305: Module '"@OneCoach/lib-ai-agents/types"' has no exported member 'ModelMessage'.
../lib-import-core/src/vision.ts(6,10): error TS1484: 'VisionParseParams' is a type and must be imported using a type-only import when 'verbatimModuleSyntax' is enabled.
../lib-marketplace/src/affiliate-logger.service.ts(83,18): error TS18046: 'c' is of type 'unknown'.
../lib-marketplace/src/affiliate-logger.service.ts(84,19): error TS18046: 'c' is of type 'unknown'.
../lib-marketplace/src/affiliate-logger.service.ts(85,19): error TS18046: 'c' is of type 'unknown'.
../lib-marketplace/src/promotion.service.ts(317,9): error TS2322: Type 'InputJsonValue' is not assignable to type 'Record<string, unknown> | undefined'.
  Type 'string' is not assignable to type 'Record<string, unknown>'.
../lib-marketplace/src/promotion.service.ts(361,9): error TS2353: Object literal may only specify known properties, and 'promotionId_userId' does not exist in type 'promotion_usesWhereUniqueInput'.
../lib-metadata/src/metadata-id-resolver.service.ts(69,54): error TS18046: 't' is of type 'unknown'.
../lib-metadata/src/metadata-id-resolver.service.ts(70,54): error TS18046: 't' is of type 'unknown'.
../lib-metadata/src/metadata-id-resolver.service.ts(111,55): error TS18046: 't' is of type 'unknown'.
../lib-metadata/src/metadata-id-resolver.service.ts(112,55): error TS18046: 't' is of type 'unknown'.
../lib-metadata/src/metadata-id-resolver.service.ts(153,54): error TS18046: 't' is of type 'unknown'.
../lib-metadata/src/metadata-id-resolver.service.ts(154,54): error TS18046: 't' is of type 'unknown'.
../lib-metadata/src/metadata-id-resolver.service.ts(195,58): error TS18046: 't' is of type 'unknown'.
../lib-metadata/src/metadata-id-resolver.service.ts(196,58): error TS18046: 't' is of type 'unknown'.
../lib-metadata/src/metadata-translation.service.ts(48,75): error TS18046: 't' is of type 'unknown'.
../lib-metadata/src/metadata-translation.service.ts(48,85): error TS18046: 't' is of type 'unknown'.
../lib-metadata/src/metadata-translation.service.ts(94,26): error TS18046: 'type' is of type 'unknown'.
../lib-metadata/src/metadata-translation.service.ts(96,34): error TS18046: 'type' is of type 'unknown'.
../lib-metadata/src/metadata-translation.service.ts(97,9): error TS18046: 'type' is of type 'unknown'.
../lib-metadata/src/metadata-translation.service.ts(100,11): error TS18046: 'type' is of type 'unknown'.
../lib-metadata/src/metadata-translation.service.ts(101,13): error TS18046: 'type' is of type 'unknown'.
../lib-metadata/src/metadata-translation.service.ts(103,17): error TS18046: 'type' is of type 'unknown'.
../lib-metadata/src/metadata-translation.service.ts(131,28): error TS18046: 'muscle' is of type 'unknown'.
../lib-metadata/src/metadata-translation.service.ts(133,36): error TS18046: 'muscle' is of type 'unknown'.
../lib-metadata/src/metadata-translation.service.ts(134,11): error TS18046: 'muscle' is of type 'unknown'.
../lib-metadata/src/metadata-translation.service.ts(137,13): error TS18046: 'muscle' is of type 'unknown'.
../lib-metadata/src/metadata-translation.service.ts(138,15): error TS18046: 'muscle' is of type 'unknown'.
../lib-metadata/src/metadata-translation.service.ts(139,15): error TS18046: 'muscle' is of type 'unknown'.
../lib-metadata/src/metadata-translation.service.ts(140,19): error TS18046: 'muscle' is of type 'unknown'.
../lib-metadata/src/metadata-translation.service.ts(170,26): error TS18046: 'bodyPart' is of type 'unknown'.
../lib-metadata/src/metadata-translation.service.ts(172,34): error TS18046: 'bodyPart' is of type 'unknown'.
../lib-metadata/src/metadata-translation.service.ts(173,9): error TS18046: 'bodyPart' is of type 'unknown'.
../lib-metadata/src/metadata-translation.service.ts(176,11): error TS18046: 'bodyPart' is of type 'unknown'.
../lib-metadata/src/metadata-translation.service.ts(177,13): error TS18046: 'bodyPart' is of type 'unknown'.
../lib-metadata/src/metadata-translation.service.ts(178,13): error TS18046: 'bodyPart' is of type 'unknown'.
../lib-metadata/src/metadata-translation.service.ts(179,17): error TS18046: 'bodyPart' is of type 'unknown'.
../lib-metadata/src/metadata-translation.service.ts(206,26): error TS18046: 'equip' is of type 'unknown'.
../lib-metadata/src/metadata-translation.service.ts(208,34): error TS18046: 'equip' is of type 'unknown'.
../lib-metadata/src/metadata-translation.service.ts(209,9): error TS18046: 'equip' is of type 'unknown'.
../lib-metadata/src/metadata-translation.service.ts(212,11): error TS18046: 'equip' is of type 'unknown'.
../lib-metadata/src/metadata-translation.service.ts(213,13): error TS18046: 'equip' is of type 'unknown'.
../lib-metadata/src/metadata-translation.service.ts(214,13): error TS18046: 'equip' is of type 'unknown'.
../lib-metadata/src/metadata-translation.service.ts(215,17): error TS18046: 'equip' is of type 'unknown'.
../lib-metadata/src/metadata-translation.service.ts(243,28): error TS18046: 'goal' is of type 'unknown'.
../lib-metadata/src/metadata-translation.service.ts(245,36): error TS18046: 'goal' is of type 'unknown'.
../lib-metadata/src/metadata-translation.service.ts(246,11): error TS18046: 'goal' is of type 'unknown'.
../lib-metadata/src/metadata-translation.service.ts(249,13): error TS18046: 'goal' is of type 'unknown'.
../lib-metadata/src/metadata-translation.service.ts(250,15): error TS18046: 'goal' is of type 'unknown'.
../lib-metadata/src/metadata-translation.service.ts(251,15): error TS18046: 'goal' is of type 'unknown'.
../lib-metadata/src/metadata-translation.service.ts(467,32): error TS18046: 'name' is of type 'unknown'.
../lib-metadata/src/metadata-validator.service.ts(39,63): error TS18046: 'c' is of type 'unknown'.
../lib-metadata/src/metadata-validator.service.ts(45,21): error TS18046: 'c' is of type 'unknown'.
../lib-metadata/src/metadata-validator.service.ts(45,87): error TS18046: 'c' is of type 'unknown'.
../lib-metadata/src/metadata-validator.service.ts(86,35): error TS18046: 'eq' is of type 'unknown'.
../lib-metadata/src/metadata-validator.service.ts(86,45): error TS18046: 'eq' is of type 'unknown'.
../lib-metadata/src/metadata-validator.service.ts(104,35): error TS18046: 'trans' is of type 'unknown'.
../lib-metadata/src/metadata-validator.service.ts(104,48): error TS18046: 'trans' is of type 'unknown'.
../lib-metadata/src/metadata-validator.service.ts(128,20): error TS2339: Property 'code' does not exist on type '{}'.
../lib-metadata/src/metadata-validator.service.ts(128,47): error TS2339: Property 'meta' does not exist on type '{}'.
../lib-metadata/src/metadata-validator.service.ts(199,35): error TS18046: 'm' is of type 'unknown'.
../lib-metadata/src/metadata-validator.service.ts(199,44): error TS18046: 'm' is of type 'unknown'.
../lib-metadata/src/metadata-validator.service.ts(216,35): error TS18046: 'trans' is of type 'unknown'.
../lib-metadata/src/metadata-validator.service.ts(216,48): error TS18046: 'trans' is of type 'unknown'.
../lib-metadata/src/metadata-validator.service.ts(239,20): error TS2339: Property 'code' does not exist on type '{}'.
../lib-metadata/src/metadata-validator.service.ts(239,47): error TS2339: Property 'meta' does not exist on type '{}'.
../lib-metadata/src/metadata-validator.service.ts(299,35): error TS18046: 'bp' is of type 'unknown'.
../lib-metadata/src/metadata-validator.service.ts(299,45): error TS18046: 'bp' is of type 'unknown'.
../lib-metadata/src/metadata-validator.service.ts(316,35): error TS18046: 'trans' is of type 'unknown'.
../lib-metadata/src/metadata-validator.service.ts(316,48): error TS18046: 'trans' is of type 'unknown'.
../lib-metadata/src/metadata-validator.service.ts(339,20): error TS2339: Property 'code' does not exist on type '{}'.
../lib-metadata/src/metadata-validator.service.ts(339,47): error TS2339: Property 'meta' does not exist on type '{}'.
../lib-metadata/src/metadata-validator.service.ts(477,16): error TS2339: Property 'code' does not exist on type '{}'.
../lib-metadata/src/metadata-validator.service.ts(477,43): error TS2339: Property 'meta' does not exist on type '{}'.
../lib-nutrition/src/helpers/plan-transform.ts(110,28): error TS2352: Conversion of type '{ customizations: string[]; personalNotes: string[]; motivationalMessage?: string | undefined; }' to type 'PersonalizedPlan' may be a mistake because neither type sufficiently overlaps with the other. If this was intentional, convert the expression to 'unknown' first.
  Type '{ customizations: string[]; personalNotes: string[]; motivationalMessage?: string | undefined; }' is missing the following properties from type 'PersonalizedPlan': tdee, targetCalories, macroSplit, recommendations
../lib-nutrition/src/helpers/plan-transform.ts(190,27): error TS2739: Type '{ weight: number; height: number; age: number; gender: "other" | "male" | "female"; activityLevel: "light" | "active" | "moderate" | "sedentary" | "very_active"; name?: string | undefined; bodyFatPercentage?: number | undefined; }' is missing the following properties from type 'NutritionUserProfile': sex, heightCm, weightKg, goal
../lib-nutrition/src/helpers/plan-transform.ts(726,3): error TS2322: Type '{ createdAt: string; updatedAt: string; id: string; userId: string; name: string; description: string; goals: string[]; durationWeeks: number; targetMacros: { calories: number; protein: number; carbs: number; fats: number; fiber: number; }; ... 6 more ...; metadata?: Record<...> | ... 1 more ... | undefined; }' is not assignable to type 'NutritionPlan'.
  Types of property 'userProfile' are incompatible.
    Type '{ weight: number; height: number; age: number; gender: "other" | "male" | "female"; activityLevel: "light" | "active" | "moderate" | "sedentary" | "very_active"; name?: string | undefined; bodyFatPercentage?: number | undefined; } | undefined' is not assignable to type 'NutritionUserProfile | undefined'.
      Type '{ weight: number; height: number; age: number; gender: "other" | "male" | "female"; activityLevel: "light" | "active" | "moderate" | "sedentary" | "very_active"; name?: string | undefined; bodyFatPercentage?: number | undefined; }' is missing the following properties from type 'NutritionUserProfile': sex, heightCm, weightKg, goal
../lib-nutrition/src/helpers/type-guards.ts(131,20): error TS2307: Cannot find module 'types/nutrition.types' or its corresponding type declarations.
../lib-nutrition/src/helpers/type-guards.ts(146,20): error TS2307: Cannot find module 'types/nutrition.types' or its corresponding type declarations.
../lib-nutrition/src/meal-template.service.ts(193,7): error TS2322: Type 'string | null' is not assignable to type 'string'.
  Type 'null' is not assignable to type 'string'.
../lib-nutrition/src/modification.service.ts(77,59): error TS2345: Argument of type '{ name: string; id: string; userId: string | null; status: NutritionStatus; createdAt: Date; updatedAt: Date; metadata: JsonValue; description: string; ... 9 more ...; userProfile: JsonValue; }' is not assignable to parameter of type 'PrismaNutritionPlan'.
  Types of property 'userId' are incompatible.
    Type 'string | null' is not assignable to type 'string'.
      Type 'null' is not assignable to type 'string'.
../lib-nutrition/src/modification.service.ts(197,35): error TS2345: Argument of type '{ name: string; id: string; userId: string | null; status: NutritionStatus; createdAt: Date; updatedAt: Date; metadata: JsonValue; description: string; ... 9 more ...; userProfile: JsonValue; }' is not assignable to parameter of type 'PrismaNutritionPlan'.
  Types of property 'userId' are incompatible.
    Type 'string | null' is not assignable to type 'string'.
      Type 'null' is not assignable to type 'string'.
../lib-nutrition/src/nutrition-import.service.ts(5,3): error TS1484: 'AIParseContext' is a type and must be imported using a type-only import when 'verbatimModuleSyntax' is enabled.
../lib-nutrition/src/nutrition-import.service.ts(6,3): error TS1484: 'ImportFile' is a type and must be imported using a type-only import when 'verbatimModuleSyntax' is enabled.
../lib-nutrition/src/nutrition-import.service.ts(7,3): error TS1484: 'ImportOptions' is a type and must be imported using a type-only import when 'verbatimModuleSyntax' is enabled.
../lib-nutrition/src/nutrition-import.service.ts(8,3): error TS1484: 'ImportProgress' is a type and must be imported using a type-only import when 'verbatimModuleSyntax' is enabled.
../lib-nutrition/src/nutrition-import.service.ts(23,3): error TS1484: 'ImportedNutritionPlan' is a type and must be imported using a type-only import when 'verbatimModuleSyntax' is enabled.
../lib-nutrition/src/nutrition-import.service.ts(74,23): error TS6133: 'userId' is declared but its value is never read.
../lib-nutrition/src/nutrition-import.service.ts(96,11): error TS6133: 'parsedOptions' is declared but its value is never read.
../lib-nutrition/src/nutrition-import.service.ts(106,9): error TS18048: 'firstFile' is possibly 'undefined'.
../lib-nutrition/src/nutrition-import.service.ts(107,9): error TS18048: 'firstFile' is possibly 'undefined'.
../lib-nutrition/src/nutrition-template.service.ts(188,21): error TS2552: Cannot find name 'message'. Did you mean 'onmessage'?
../lib-nutrition/src/nutrition-template.service.ts(323,9): error TS2322: Type 'string | null' is not assignable to type 'string'.
  Type 'null' is not assignable to type 'string'.
../lib-nutrition/src/nutrition-template.service.ts(328,21): error TS2552: Cannot find name 'message'. Did you mean 'onmessage'?
../lib-nutrition/src/nutrition-tracking.service.ts(57,10): error TS6133: 'extractDayFromWeeks' is declared but its value is never read.
../lib-nutrition/src/nutrition-tracking.service.ts(171,39): error TS2345: Argument of type '{ name: string; id: string; userId: string | null; status: NutritionStatus; createdAt: Date; updatedAt: Date; metadata: JsonValue; description: string; ... 9 more ...; userProfile: JsonValue; }' is not assignable to parameter of type 'PrismaNutritionPlan'.
  Types of property 'userId' are incompatible.
    Type 'string | null' is not assignable to type 'string'.
      Type 'null' is not assignable to type 'string'.
../lib-nutrition/src/nutrition-tracking.service.ts(230,28): error TS2345: Argument of type '{ id: string; userId: string | null; createdAt: Date; updatedAt: Date; date: Date; notes: string | null; planId: string; weekNumber: number; dayNumber: number; meals: JsonValue; actualDailyMacros: JsonValue; waterIntake: Decimal | null; }' is not assignable to parameter of type 'NutritionDayLogRecord'.
  Types of property 'userId' are incompatible.
    Type 'string | null' is not assignable to type 'string'.
      Type 'null' is not assignable to type 'string'.
../lib-nutrition/src/nutrition-tracking.service.ts(253,28): error TS2345: Argument of type '{ id: string; userId: string | null; createdAt: Date; updatedAt: Date; date: Date; notes: string | null; planId: string; weekNumber: number; dayNumber: number; meals: JsonValue; actualDailyMacros: JsonValue; waterIntake: Decimal | null; }' is not assignable to parameter of type 'NutritionDayLogRecord'.
  Types of property 'userId' are incompatible.
    Type 'string | null' is not assignable to type 'string'.
      Type 'null' is not assignable to type 'string'.
../lib-nutrition/src/nutrition-tracking.service.ts(279,19): error TS2345: Argument of type '(record: NutritionDayLogRecord) => NutritionDayLog' is not assignable to parameter of type '(value: { id: string; userId: string | null; createdAt: Date; updatedAt: Date; date: Date; notes: string | null; planId: string; weekNumber: number; dayNumber: number; meals: JsonValue; actualDailyMacros: JsonValue; waterIntake: Decimal | null; }, index: number, array: { ...; }[]) => NutritionDayLog'.
  Types of parameters 'record' and 'value' are incompatible.
    Type '{ id: string; userId: string | null; createdAt: Date; updatedAt: Date; date: Date; notes: string | null; planId: string; weekNumber: number; dayNumber: number; meals: JsonValue; actualDailyMacros: JsonValue; waterIntake: Decimal | null; }' is not assignable to type 'NutritionDayLogRecord'.
      Types of property 'userId' are incompatible.
        Type 'string | null' is not assignable to type 'string'.
          Type 'null' is not assignable to type 'string'.
../lib-nutrition/src/nutrition-tracking.service.ts(315,28): error TS2345: Argument of type '{ id: string; userId: string | null; createdAt: Date; updatedAt: Date; date: Date; notes: string | null; planId: string; weekNumber: number; dayNumber: number; meals: JsonValue; actualDailyMacros: JsonValue; waterIntake: Decimal | null; }' is not assignable to parameter of type 'NutritionDayLogRecord'.
  Types of property 'userId' are incompatible.
    Type 'string | null' is not assignable to type 'string'.
      Type 'null' is not assignable to type 'string'.
../lib-nutrition/src/nutrition-tracking.service.ts(400,49): error TS2345: Argument of type '{ name: string; id: string; userId: string | null; status: NutritionStatus; createdAt: Date; updatedAt: Date; metadata: JsonValue; description: string; ... 9 more ...; userProfile: JsonValue; }' is not assignable to parameter of type 'PrismaNutritionPlan'.
  Types of property 'userId' are incompatible.
    Type 'string | null' is not assignable to type 'string'.
      Type 'null' is not assignable to type 'string'.
../lib-shared/src/api.service.ts(8,34): error TS6059: File '/Users/giulioleone/Sviluppo/CoachOne/packages/types/src/index.ts' is not under 'rootDir' '/Users/giulioleone/Sviluppo/CoachOne/packages/schemas/src'. 'rootDir' is expected to contain all source files.
  The file is in the program because:
    Imported via '@OneCoach/types' from file '/Users/giulioleone/Sviluppo/CoachOne/packages/lib-shared/src/api.service.ts'
    Imported via './index' from file '/Users/giulioleone/Sviluppo/CoachOne/packages/types/src/exercise.types.ts'
    Imported via '@OneCoach/types' from file '/Users/giulioleone/Sviluppo/CoachOne/packages/lib-shared/src/macro-calculations.ts'
    Imported via '@OneCoach/types' from file '/Users/giulioleone/Sviluppo/CoachOne/packages/lib-shared/src/prisma-type-guards.ts'
    Imported via '@OneCoach/types' from file '/Users/giulioleone/Sviluppo/CoachOne/packages/lib-shared/src/prisma-type-guards.ts'
    Imported via '@OneCoach/types' from file '/Users/giulioleone/Sviluppo/CoachOne/packages/lib-shared/src/utils/formatters.ts'
    Imported via '@OneCoach/types' from file '/Users/giulioleone/Sviluppo/CoachOne/packages/lib-shared/src/utils/validators.ts'
    Imported via '@OneCoach/types' from file '/Users/giulioleone/Sviluppo/CoachOne/packages/lib-shared/src/utils/ai-model-mapper.ts'
    Imported via '@OneCoach/types' from file '/Users/giulioleone/Sviluppo/CoachOne/packages/ui/src/legacy-model-selector.tsx'
    Imported via '@OneCoach/types' from file '/Users/giulioleone/Sviluppo/CoachOne/packages/lib-stores/src/workout-builder.store.ts'
    Imported via '@OneCoach/types' from file '/Users/giulioleone/Sviluppo/CoachOne/packages/lib-stores/src/maxes.store.ts'
    Imported via '@OneCoach/types' from file '/Users/giulioleone/Sviluppo/CoachOne/packages/lib-stores/src/maxes.store.ts'
    Imported via '@OneCoach/types' from file '/Users/giulioleone/Sviluppo/CoachOne/packages/lib-api/src/queries/coach.queries.ts'
    Imported via '@OneCoach/types' from file '/Users/giulioleone/Sviluppo/CoachOne/packages/lib-api/src/workout.ts'
    Imported via '@OneCoach/types' from file '/Users/giulioleone/Sviluppo/CoachOne/packages/lib-api/src/nutrition.ts'
    Imported via '@OneCoach/types' from file '/Users/giulioleone/Sviluppo/CoachOne/packages/lib-api/src/queries/body-measurements.queries.ts'
    Imported via '@OneCoach/types' from file '/Users/giulioleone/Sviluppo/CoachOne/packages/lib-api/src/hooks/use-body-measurements.ts'
    Imported via '@OneCoach/types' from file '/Users/giulioleone/Sviluppo/CoachOne/packages/contracts/src/services/nutrition.service.contract.ts'
    Imported via '@OneCoach/types' from file '/Users/giulioleone/Sviluppo/CoachOne/packages/contracts/src/services/workout.service.contract.ts'
    Imported via '@OneCoach/types' from file '/Users/giulioleone/Sviluppo/CoachOne/packages/schemas/src/food/base.schemas.ts'
    Imported via '@OneCoach/types' from file '/Users/giulioleone/Sviluppo/CoachOne/packages/contracts/src/services/exercise.service.contract.ts'
    Imported via '@OneCoach/types' from file '/Users/giulioleone/Sviluppo/CoachOne/packages/contracts/src/services/food.service.contract.ts'
    Imported via '@OneCoach/types' from file '/Users/giulioleone/Sviluppo/CoachOne/packages/contracts/src/services/analytics.service.contract.ts'
    Imported via '@OneCoach/types' from file '/Users/giulioleone/Sviluppo/CoachOne/packages/contracts/src/services/core.service.contract.ts'
    Imported via '@OneCoach/types' from file '/Users/giulioleone/Sviluppo/CoachOne/packages/contracts/src/services/ai.service.contract.ts'
    Imported via '@OneCoach/types' from file '/Users/giulioleone/Sviluppo/CoachOne/packages/lib-core/src/seeds/seed-food-items.ts'
    Imported via '@OneCoach/types' from file '/Users/giulioleone/Sviluppo/CoachOne/packages/lib-core/src/stripe/config.ts'
    Imported via '@OneCoach/types' from file '/Users/giulioleone/Sviluppo/CoachOne/packages/lib-api-client/src/queries/coach.queries.ts'
    Imported via '@OneCoach/types' from file '/Users/giulioleone/Sviluppo/CoachOne/packages/lib-api-client/src/workout.ts'
    Imported via '@OneCoach/types' from file '/Users/giulioleone/Sviluppo/CoachOne/packages/lib-api-client/src/nutrition.ts'
    Imported via '@OneCoach/types' from file '/Users/giulioleone/Sviluppo/CoachOne/packages/lib-api-client/src/hooks/use-exercise.ts'
    Imported via '@OneCoach/types' from file '/Users/giulioleone/Sviluppo/CoachOne/packages/lib-api-client/src/queries/body-measurements.queries.ts'
    Imported via '@OneCoach/types' from file '/Users/giulioleone/Sviluppo/CoachOne/packages/lib-api-client/src/hooks/use-body-measurements.ts'
    Imported via '@OneCoach/types' from file '/Users/giulioleone/Sviluppo/CoachOne/packages/lib-api-client/src/projects.ts'
    Imported via '@OneCoach/types' from file '/Users/giulioleone/Sviluppo/CoachOne/packages/lib-core/src/onboarding.service.ts'
    Imported via '@OneCoach/types' from file '/Users/giulioleone/Sviluppo/CoachOne/packages/lib-api/src/projects.ts'
    Imported via '@OneCoach/types' from file '/Users/giulioleone/Sviluppo/CoachOne/packages/lib-api/src/habits.ts'
    Imported via '@OneCoach/types' from file '/Users/giulioleone/Sviluppo/CoachOne/packages/lib-exercise/src/one-rep-max.service.ts'
    Imported via '@OneCoach/types' from file '/Users/giulioleone/Sviluppo/CoachOne/packages/lib-workout/src/workout.service.ts'
    Imported via '@OneCoach/types' from file '/Users/giulioleone/Sviluppo/CoachOne/packages/lib-workout/src/helpers/constants.ts'
    Imported via '@OneCoach/types' from file '/Users/giulioleone/Sviluppo/CoachOne/packages/lib-workout/src/helpers/exercise-builder.ts'
    Imported via '@OneCoach/types' from file '/Users/giulioleone/Sviluppo/CoachOne/packages/lib-workout/src/helpers/utils/muscle-group.ts'
    Imported via '@OneCoach/types' from file '/Users/giulioleone/Sviluppo/CoachOne/packages/lib-workout/src/helpers/program-transform.ts'
    Imported via '@OneCoach/types' from file '/Users/giulioleone/Sviluppo/CoachOne/packages/lib-workout/src/helpers/normalizers/workout-normalizer.ts'
    Imported via '@OneCoach/types' from file '/Users/giulioleone/Sviluppo/CoachOne/packages/lib-workout/src/helpers/normalizers/exercise-normalizer.ts'
    Imported via '@OneCoach/types' from file '/Users/giulioleone/Sviluppo/CoachOne/packages/lib-workout/src/helpers/template-helpers.ts'
    Imported via '@OneCoach/types' from file '/Users/giulioleone/Sviluppo/CoachOne/packages/lib-workout/src/helpers/workout-operations.ts'
    Imported via '@OneCoach/types' from file '/Users/giulioleone/Sviluppo/CoachOne/packages/lib-shared/src/utils/workout-program-helpers.ts'
    Imported via '@OneCoach/types' from file '/Users/giulioleone/Sviluppo/CoachOne/packages/lib-workout/src/helpers/utils/progression-calculator.ts'
    Imported via '@OneCoach/types' from file '/Users/giulioleone/Sviluppo/CoachOne/packages/lib-workout/src/helpers/utils/set-group-helpers.ts'
    Imported via '@OneCoach/types' from file '/Users/giulioleone/Sviluppo/CoachOne/packages/lib-workout/src/workout-weight-calculator.service.ts'
    Imported via '@OneCoach/types' from file '/Users/giulioleone/Sviluppo/CoachOne/packages/lib-workout/src/workout-normalization.service.ts'
    Imported via '@OneCoach/types' from file '/Users/giulioleone/Sviluppo/CoachOne/packages/lib-workout/src/helpers/program-server-transform.ts'
    Imported via '@OneCoach/types' from file '/Users/giulioleone/Sviluppo/CoachOne/packages/lib-workout/src/mappers/workout-session.mapper.ts'
    Imported via '@OneCoach/types' from file '/Users/giulioleone/Sviluppo/CoachOne/packages/lib-workout/src/services/workout-import.service.ts'
    Imported via '@OneCoach/types' from file '/Users/giulioleone/Sviluppo/CoachOne/packages/lib-workout/src/services/workout-statistics.service.ts'
    Imported via '@OneCoach/types' from file '/Users/giulioleone/Sviluppo/CoachOne/packages/lib-workout/src/services/workout-progression.service.ts'
    Imported via '@OneCoach/types' from file '/Users/giulioleone/Sviluppo/CoachOne/packages/lib-workout/src/services/progression-template.service.ts'
    Imported via '@OneCoach/types' from file '/Users/giulioleone/Sviluppo/CoachOne/packages/lib-workout/src/services/granular-session.service.ts'
    Imported via '@OneCoach/types' from file '/Users/giulioleone/Sviluppo/CoachOne/packages/lib-analytics/src/analytics.service.ts'
    Imported via '@OneCoach/types' from file '/Users/giulioleone/Sviluppo/CoachOne/packages/lib-analytics/src/body-measurements.service.ts'
    Imported via '@OneCoach/types' from file '/Users/giulioleone/Sviluppo/CoachOne/packages/lib-analytics/src/progress-snapshot.service.ts'
    Imported via '@OneCoach/types' from file '/Users/giulioleone/Sviluppo/CoachOne/packages/lib-ai/src/agent-orchestrator/interfaces.ts'
    Imported via '@OneCoach/types' from file '/Users/giulioleone/Sviluppo/CoachOne/packages/lib-ai/src/chat.service.ts'
    Imported via '@OneCoach/types' from file '/Users/giulioleone/Sviluppo/CoachOne/packages/lib-ai/src/modification-ai.service.ts'
    Imported via '@OneCoach/types' from file '/Users/giulioleone/Sviluppo/CoachOne/packages/lib-ai/src/modification-ai.service.ts'
    Imported via '@OneCoach/types' from file '/Users/giulioleone/Sviluppo/CoachOne/packages/lib-ai/src/modification-ai.service.ts'
    Imported via '@OneCoach/types' from file '/Users/giulioleone/Sviluppo/CoachOne/packages/lib-ai-agents/src/intent-detector.ts'
    Imported via '@OneCoach/types' from file '/Users/giulioleone/Sviluppo/CoachOne/packages/lib-ai/src/intent-detection.service.ts'
    Imported via '@OneCoach/types' from file '/Users/giulioleone/Sviluppo/CoachOne/packages/lib-ai-agents/src/mappers/prisma-orchestrator.mapper.ts'
    Imported via '@OneCoach/types' from file '/Users/giulioleone/Sviluppo/CoachOne/packages/lib-ai-agents/src/mappers/prisma-orchestrator.mapper.ts'
    Imported via '@OneCoach/types' from file '/Users/giulioleone/Sviluppo/CoachOne/packages/lib-ai-agents/src/mappers/prisma-orchestrator.mapper.ts'
    Imported via '@OneCoach/types' from file '/Users/giulioleone/Sviluppo/CoachOne/packages/lib-ai-agents/src/domains/nutrition/nutrition.validator.ts'
    Imported via '@OneCoach/types' from file '/Users/giulioleone/Sviluppo/CoachOne/packages/lib-nutrition/src/nutrition.service.ts'
    Imported via '@OneCoach/types' from file '/Users/giulioleone/Sviluppo/CoachOne/packages/lib-nutrition/src/nutrition-tracking.service.ts'
    Imported via '@OneCoach/types' from file '/Users/giulioleone/Sviluppo/CoachOne/packages/lib-nutrition/src/helpers/plan-transform.ts'
    Imported via '@OneCoach/types' from file '/Users/giulioleone/Sviluppo/CoachOne/packages/lib-nutrition/src/helpers/type-guards.ts'
    Imported via '@OneCoach/types' from file '/Users/giulioleone/Sviluppo/CoachOne/packages/lib-shared/src/utils/nutrition-plan-helpers.ts'
    Imported via '@OneCoach/types' from file '/Users/giulioleone/Sviluppo/CoachOne/packages/lib-nutrition/src/nutrition-template.service.ts'
    Imported via '@OneCoach/types' from file '/Users/giulioleone/Sviluppo/CoachOne/packages/lib-nutrition/src/meal-template.service.ts'
    Imported via '@OneCoach/types' from file '/Users/giulioleone/Sviluppo/CoachOne/packages/lib-nutrition/src/modification.service.ts'
    Imported via '@OneCoach/types' from file '/Users/giulioleone/Sviluppo/CoachOne/packages/lib-nutrition/src/modification.service.ts'
    Imported via '@OneCoach/types' from file '/Users/giulioleone/Sviluppo/CoachOne/packages/lib-nutrition/src/helpers/plan-operations.ts'
    Imported via '@OneCoach/types' from file '/Users/giulioleone/Sviluppo/CoachOne/packages/lib-nutrition/src/helpers/plan-sync.ts'
    Imported via '@OneCoach/types' from file '/Users/giulioleone/Sviluppo/CoachOne/packages/lib-nutrition/src/helpers/macro-recalculator.ts'
    Imported via '@OneCoach/types' from file '/Users/giulioleone/Sviluppo/CoachOne/packages/lib-nutrition/src/helpers/prisma-helpers.ts'
    Imported via '@OneCoach/types' from file '/Users/giulioleone/Sviluppo/CoachOne/packages/lib-nutrition/src/helpers/prisma-helpers.ts'
    Imported via '@OneCoach/types' from file '/Users/giulioleone/Sviluppo/CoachOne/packages/lib-nutrition/src/helpers/template-helpers.ts'
    Imported via '@OneCoach/types' from file '/Users/giulioleone/Sviluppo/CoachOne/packages/lib-food/src/food.service.ts'
    Imported via '@OneCoach/types' from file '/Users/giulioleone/Sviluppo/CoachOne/packages/lib-food/src/food.service.ts'
    Imported via '@OneCoach/types' from file '/Users/giulioleone/Sviluppo/CoachOne/packages/lib-food/src/food-admin.service.ts'
    Imported via '@OneCoach/types' from file '/Users/giulioleone/Sviluppo/CoachOne/packages/lib-food/src/food-matching.service.ts'
    Imported via '@OneCoach/types' from file '/Users/giulioleone/Sviluppo/CoachOne/packages/lib-food/src/food-vision.service.ts'
    Imported via '@OneCoach/types' from file '/Users/giulioleone/Sviluppo/CoachOne/packages/lib-nutrition/src/food-auto-creation.service.ts'
    Imported via '@OneCoach/types' from file '/Users/giulioleone/Sviluppo/CoachOne/packages/lib-shared/src/utils/main-macro-calculator.ts'
../lib-shared/src/api.service.ts(8,34): error TS6307: File '/Users/giulioleone/Sviluppo/CoachOne/packages/types/src/index.ts' is not listed within the file list of project '/Users/giulioleone/Sviluppo/CoachOne/packages/schemas/tsconfig.json'. Projects must list all files or use an 'include' pattern.
  The file is in the program because:
    Imported via '@OneCoach/types' from file '/Users/giulioleone/Sviluppo/CoachOne/packages/lib-shared/src/api.service.ts'
    Imported via './index' from file '/Users/giulioleone/Sviluppo/CoachOne/packages/types/src/exercise.types.ts'
    Imported via '@OneCoach/types' from file '/Users/giulioleone/Sviluppo/CoachOne/packages/lib-shared/src/macro-calculations.ts'
    Imported via '@OneCoach/types' from file '/Users/giulioleone/Sviluppo/CoachOne/packages/lib-shared/src/prisma-type-guards.ts'
    Imported via '@OneCoach/types' from file '/Users/giulioleone/Sviluppo/CoachOne/packages/lib-shared/src/prisma-type-guards.ts'
    Imported via '@OneCoach/types' from file '/Users/giulioleone/Sviluppo/CoachOne/packages/lib-shared/src/utils/formatters.ts'
    Imported via '@OneCoach/types' from file '/Users/giulioleone/Sviluppo/CoachOne/packages/lib-shared/src/utils/validators.ts'
    Imported via '@OneCoach/types' from file '/Users/giulioleone/Sviluppo/CoachOne/packages/lib-shared/src/utils/ai-model-mapper.ts'
    Imported via '@OneCoach/types' from file '/Users/giulioleone/Sviluppo/CoachOne/packages/ui/src/legacy-model-selector.tsx'
    Imported via '@OneCoach/types' from file '/Users/giulioleone/Sviluppo/CoachOne/packages/lib-stores/src/workout-builder.store.ts'
    Imported via '@OneCoach/types' from file '/Users/giulioleone/Sviluppo/CoachOne/packages/lib-stores/src/maxes.store.ts'
    Imported via '@OneCoach/types' from file '/Users/giulioleone/Sviluppo/CoachOne/packages/lib-stores/src/maxes.store.ts'
    Imported via '@OneCoach/types' from file '/Users/giulioleone/Sviluppo/CoachOne/packages/lib-api/src/queries/coach.queries.ts'
    Imported via '@OneCoach/types' from file '/Users/giulioleone/Sviluppo/CoachOne/packages/lib-api/src/workout.ts'
    Imported via '@OneCoach/types' from file '/Users/giulioleone/Sviluppo/CoachOne/packages/lib-api/src/nutrition.ts'
    Imported via '@OneCoach/types' from file '/Users/giulioleone/Sviluppo/CoachOne/packages/lib-api/src/queries/body-measurements.queries.ts'
    Imported via '@OneCoach/types' from file '/Users/giulioleone/Sviluppo/CoachOne/packages/lib-api/src/hooks/use-body-measurements.ts'
    Imported via '@OneCoach/types' from file '/Users/giulioleone/Sviluppo/CoachOne/packages/contracts/src/services/nutrition.service.contract.ts'
    Imported via '@OneCoach/types' from file '/Users/giulioleone/Sviluppo/CoachOne/packages/contracts/src/services/workout.service.contract.ts'
    Imported via '@OneCoach/types' from file '/Users/giulioleone/Sviluppo/CoachOne/packages/schemas/src/food/base.schemas.ts'
    Imported via '@OneCoach/types' from file '/Users/giulioleone/Sviluppo/CoachOne/packages/contracts/src/services/exercise.service.contract.ts'
    Imported via '@OneCoach/types' from file '/Users/giulioleone/Sviluppo/CoachOne/packages/contracts/src/services/food.service.contract.ts'
    Imported via '@OneCoach/types' from file '/Users/giulioleone/Sviluppo/CoachOne/packages/contracts/src/services/analytics.service.contract.ts'
    Imported via '@OneCoach/types' from file '/Users/giulioleone/Sviluppo/CoachOne/packages/contracts/src/services/core.service.contract.ts'
    Imported via '@OneCoach/types' from file '/Users/giulioleone/Sviluppo/CoachOne/packages/contracts/src/services/ai.service.contract.ts'
    Imported via '@OneCoach/types' from file '/Users/giulioleone/Sviluppo/CoachOne/packages/lib-core/src/seeds/seed-food-items.ts'
    Imported via '@OneCoach/types' from file '/Users/giulioleone/Sviluppo/CoachOne/packages/lib-core/src/stripe/config.ts'
    Imported via '@OneCoach/types' from file '/Users/giulioleone/Sviluppo/CoachOne/packages/lib-api-client/src/queries/coach.queries.ts'
    Imported via '@OneCoach/types' from file '/Users/giulioleone/Sviluppo/CoachOne/packages/lib-api-client/src/workout.ts'
    Imported via '@OneCoach/types' from file '/Users/giulioleone/Sviluppo/CoachOne/packages/lib-api-client/src/nutrition.ts'
    Imported via '@OneCoach/types' from file '/Users/giulioleone/Sviluppo/CoachOne/packages/lib-api-client/src/hooks/use-exercise.ts'
    Imported via '@OneCoach/types' from file '/Users/giulioleone/Sviluppo/CoachOne/packages/lib-api-client/src/queries/body-measurements.queries.ts'
    Imported via '@OneCoach/types' from file '/Users/giulioleone/Sviluppo/CoachOne/packages/lib-api-client/src/hooks/use-body-measurements.ts'
    Imported via '@OneCoach/types' from file '/Users/giulioleone/Sviluppo/CoachOne/packages/lib-api-client/src/projects.ts'
    Imported via '@OneCoach/types' from file '/Users/giulioleone/Sviluppo/CoachOne/packages/lib-core/src/onboarding.service.ts'
    Imported via '@OneCoach/types' from file '/Users/giulioleone/Sviluppo/CoachOne/packages/lib-api/src/projects.ts'
    Imported via '@OneCoach/types' from file '/Users/giulioleone/Sviluppo/CoachOne/packages/lib-api/src/habits.ts'
    Imported via '@OneCoach/types' from file '/Users/giulioleone/Sviluppo/CoachOne/packages/lib-exercise/src/one-rep-max.service.ts'
    Imported via '@OneCoach/types' from file '/Users/giulioleone/Sviluppo/CoachOne/packages/lib-workout/src/workout.service.ts'
    Imported via '@OneCoach/types' from file '/Users/giulioleone/Sviluppo/CoachOne/packages/lib-workout/src/helpers/constants.ts'
    Imported via '@OneCoach/types' from file '/Users/giulioleone/Sviluppo/CoachOne/packages/lib-workout/src/helpers/exercise-builder.ts'
    Imported via '@OneCoach/types' from file '/Users/giulioleone/Sviluppo/CoachOne/packages/lib-workout/src/helpers/utils/muscle-group.ts'
    Imported via '@OneCoach/types' from file '/Users/giulioleone/Sviluppo/CoachOne/packages/lib-workout/src/helpers/program-transform.ts'
    Imported via '@OneCoach/types' from file '/Users/giulioleone/Sviluppo/CoachOne/packages/lib-workout/src/helpers/normalizers/workout-normalizer.ts'
    Imported via '@OneCoach/types' from file '/Users/giulioleone/Sviluppo/CoachOne/packages/lib-workout/src/helpers/normalizers/exercise-normalizer.ts'
    Imported via '@OneCoach/types' from file '/Users/giulioleone/Sviluppo/CoachOne/packages/lib-workout/src/helpers/template-helpers.ts'
    Imported via '@OneCoach/types' from file '/Users/giulioleone/Sviluppo/CoachOne/packages/lib-workout/src/helpers/workout-operations.ts'
    Imported via '@OneCoach/types' from file '/Users/giulioleone/Sviluppo/CoachOne/packages/lib-shared/src/utils/workout-program-helpers.ts'
    Imported via '@OneCoach/types' from file '/Users/giulioleone/Sviluppo/CoachOne/packages/lib-workout/src/helpers/utils/progression-calculator.ts'
    Imported via '@OneCoach/types' from file '/Users/giulioleone/Sviluppo/CoachOne/packages/lib-workout/src/helpers/utils/set-group-helpers.ts'
    Imported via '@OneCoach/types' from file '/Users/giulioleone/Sviluppo/CoachOne/packages/lib-workout/src/workout-weight-calculator.service.ts'
    Imported via '@OneCoach/types' from file '/Users/giulioleone/Sviluppo/CoachOne/packages/lib-workout/src/workout-normalization.service.ts'
    Imported via '@OneCoach/types' from file '/Users/giulioleone/Sviluppo/CoachOne/packages/lib-workout/src/helpers/program-server-transform.ts'
    Imported via '@OneCoach/types' from file '/Users/giulioleone/Sviluppo/CoachOne/packages/lib-workout/src/mappers/workout-session.mapper.ts'
    Imported via '@OneCoach/types' from file '/Users/giulioleone/Sviluppo/CoachOne/packages/lib-workout/src/services/workout-import.service.ts'
    Imported via '@OneCoach/types' from file '/Users/giulioleone/Sviluppo/CoachOne/packages/lib-workout/src/services/workout-statistics.service.ts'
    Imported via '@OneCoach/types' from file '/Users/giulioleone/Sviluppo/CoachOne/packages/lib-workout/src/services/workout-progression.service.ts'
    Imported via '@OneCoach/types' from file '/Users/giulioleone/Sviluppo/CoachOne/packages/lib-workout/src/services/progression-template.service.ts'
    Imported via '@OneCoach/types' from file '/Users/giulioleone/Sviluppo/CoachOne/packages/lib-workout/src/services/granular-session.service.ts'
    Imported via '@OneCoach/types' from file '/Users/giulioleone/Sviluppo/CoachOne/packages/lib-analytics/src/analytics.service.ts'
    Imported via '@OneCoach/types' from file '/Users/giulioleone/Sviluppo/CoachOne/packages/lib-analytics/src/body-measurements.service.ts'
    Imported via '@OneCoach/types' from file '/Users/giulioleone/Sviluppo/CoachOne/packages/lib-analytics/src/progress-snapshot.service.ts'
    Imported via '@OneCoach/types' from file '/Users/giulioleone/Sviluppo/CoachOne/packages/lib-ai/src/agent-orchestrator/interfaces.ts'
    Imported via '@OneCoach/types' from file '/Users/giulioleone/Sviluppo/CoachOne/packages/lib-ai/src/chat.service.ts'
    Imported via '@OneCoach/types' from file '/Users/giulioleone/Sviluppo/CoachOne/packages/lib-ai/src/modification-ai.service.ts'
    Imported via '@OneCoach/types' from file '/Users/giulioleone/Sviluppo/CoachOne/packages/lib-ai/src/modification-ai.service.ts'
    Imported via '@OneCoach/types' from file '/Users/giulioleone/Sviluppo/CoachOne/packages/lib-ai/src/modification-ai.service.ts'
    Imported via '@OneCoach/types' from file '/Users/giulioleone/Sviluppo/CoachOne/packages/lib-ai-agents/src/intent-detector.ts'
    Imported via '@OneCoach/types' from file '/Users/giulioleone/Sviluppo/CoachOne/packages/lib-ai/src/intent-detection.service.ts'
    Imported via '@OneCoach/types' from file '/Users/giulioleone/Sviluppo/CoachOne/packages/lib-ai-agents/src/mappers/prisma-orchestrator.mapper.ts'
    Imported via '@OneCoach/types' from file '/Users/giulioleone/Sviluppo/CoachOne/packages/lib-ai-agents/src/mappers/prisma-orchestrator.mapper.ts'
    Imported via '@OneCoach/types' from file '/Users/giulioleone/Sviluppo/CoachOne/packages/lib-ai-agents/src/mappers/prisma-orchestrator.mapper.ts'
    Imported via '@OneCoach/types' from file '/Users/giulioleone/Sviluppo/CoachOne/packages/lib-ai-agents/src/domains/nutrition/nutrition.validator.ts'
    Imported via '@OneCoach/types' from file '/Users/giulioleone/Sviluppo/CoachOne/packages/lib-nutrition/src/nutrition.service.ts'
    Imported via '@OneCoach/types' from file '/Users/giulioleone/Sviluppo/CoachOne/packages/lib-nutrition/src/nutrition-tracking.service.ts'
    Imported via '@OneCoach/types' from file '/Users/giulioleone/Sviluppo/CoachOne/packages/lib-nutrition/src/helpers/plan-transform.ts'
    Imported via '@OneCoach/types' from file '/Users/giulioleone/Sviluppo/CoachOne/packages/lib-nutrition/src/helpers/type-guards.ts'
    Imported via '@OneCoach/types' from file '/Users/giulioleone/Sviluppo/CoachOne/packages/lib-shared/src/utils/nutrition-plan-helpers.ts'
    Imported via '@OneCoach/types' from file '/Users/giulioleone/Sviluppo/CoachOne/packages/lib-nutrition/src/nutrition-template.service.ts'
    Imported via '@OneCoach/types' from file '/Users/giulioleone/Sviluppo/CoachOne/packages/lib-nutrition/src/meal-template.service.ts'
    Imported via '@OneCoach/types' from file '/Users/giulioleone/Sviluppo/CoachOne/packages/lib-nutrition/src/modification.service.ts'
    Imported via '@OneCoach/types' from file '/Users/giulioleone/Sviluppo/CoachOne/packages/lib-nutrition/src/modification.service.ts'
    Imported via '@OneCoach/types' from file '/Users/giulioleone/Sviluppo/CoachOne/packages/lib-nutrition/src/helpers/plan-operations.ts'
    Imported via '@OneCoach/types' from file '/Users/giulioleone/Sviluppo/CoachOne/packages/lib-nutrition/src/helpers/plan-sync.ts'
    Imported via '@OneCoach/types' from file '/Users/giulioleone/Sviluppo/CoachOne/packages/lib-nutrition/src/helpers/macro-recalculator.ts'
    Imported via '@OneCoach/types' from file '/Users/giulioleone/Sviluppo/CoachOne/packages/lib-nutrition/src/helpers/prisma-helpers.ts'
    Imported via '@OneCoach/types' from file '/Users/giulioleone/Sviluppo/CoachOne/packages/lib-nutrition/src/helpers/prisma-helpers.ts'
    Imported via '@OneCoach/types' from file '/Users/giulioleone/Sviluppo/CoachOne/packages/lib-nutrition/src/helpers/template-helpers.ts'
    Imported via '@OneCoach/types' from file '/Users/giulioleone/Sviluppo/CoachOne/packages/lib-food/src/food.service.ts'
    Imported via '@OneCoach/types' from file '/Users/giulioleone/Sviluppo/CoachOne/packages/lib-food/src/food.service.ts'
    Imported via '@OneCoach/types' from file '/Users/giulioleone/Sviluppo/CoachOne/packages/lib-food/src/food-admin.service.ts'
    Imported via '@OneCoach/types' from file '/Users/giulioleone/Sviluppo/CoachOne/packages/lib-food/src/food-matching.service.ts'
    Imported via '@OneCoach/types' from file '/Users/giulioleone/Sviluppo/CoachOne/packages/lib-food/src/food-vision.service.ts'
    Imported via '@OneCoach/types' from file '/Users/giulioleone/Sviluppo/CoachOne/packages/lib-nutrition/src/food-auto-creation.service.ts'
    Imported via '@OneCoach/types' from file '/Users/giulioleone/Sviluppo/CoachOne/packages/lib-shared/src/utils/main-macro-calculator.ts'
../lib-shared/src/hooks/use-form.ts(12,42): error TS6133: 'useEffect' is declared but its value is never read.
../lib-shared/src/hooks/use-form.ts(73,9): error TS6133: 'updateValues' is declared but its value is never read.
../lib-shared/src/hooks/use-form.ts(113,37): error TS2345: Argument of type 'T' is not assignable to parameter of type 'T[keyof T] | undefined'.
  Type 'Record<string, unknown>' is not assignable to type 'T[keyof T]'.
    'Record<string, unknown>' is assignable to the constraint of type 'T[keyof T]', but 'T[keyof T]' could be instantiated with a different subtype of constraint 'unknown'.
../lib-shared/src/hooks/use-form.ts(212,44): error TS2698: Spread types may only be created from object types.
../lib-shared/src/hooks/use-form.ts(212,52): error TS2464: A computed property name must be of type 'string', 'number', 'symbol', or 'any'.
../lib-shared/src/hooks/use-form.ts(215,18): error TS2345: Argument of type 'unknown' is not assignable to parameter of type 'SetStateAction<Partial<Record<keyof T, boolean>>>'.
../lib-shared/src/prisma-type-guards.ts(19,3): error TS6196: 'SetGroup' is declared but never used.
../lib-shared/src/prisma-type-guards.ts(169,5): error TS2322: Type 'string | number | boolean | null' is not assignable to type 'InputJsonValue'.
  Type 'null' is not assignable to type 'InputJsonValue'.
../lib-shared/src/prisma-type-guards.ts(172,22): error TS2345: Argument of type '(value: string | number | boolean | unknown[] | Record<string, unknown> | null) => InputJsonValue' is not assignable to parameter of type '(value: unknown, index: number, array: unknown[]) => InputJsonValue'.
  Types of parameters 'value' and 'value' are incompatible.
    Type 'unknown' is not assignable to type 'string | number | boolean | unknown[] | Record<string, unknown> | null'.
../lib-shared/src/prisma-type-guards.ts(177,7): error TS2322: Type 'InputJsonValue' is not assignable to type 'JsonValue'.
  Type 'InputJsonObject' is not assignable to type 'JsonValue'.
    Type 'InputJsonObject' is missing the following properties from type 'JsonValue[]': length, pop, push, concat, and 35 more.
../lib-shared/src/prisma-type-guards.ts(196,3): error TS2322: Type 'InputJsonValue' is not assignable to type 'NullableJsonNullValueInput'.
  Type 'string' is not assignable to type 'NullableJsonNullValueInput'.
../lib-shared/src/prisma-type-guards.ts(528,89): error TS2345: Argument of type 'unknown' is not assignable to parameter of type 'SetJson'.
../lib-shared/src/utils/ai-agent-setup.ts(51,70): error TS2339: Property 'provider' does not exist on type 'Promise<ModelConfig>'.
../lib-shared/src/utils/ai-agent-setup.ts(54,76): error TS2339: Property 'provider' does not exist on type 'Promise<ModelConfig>'.
../lib-shared/src/utils/ai-agent-setup.ts(61,25): error TS2339: Property 'provider' does not exist on type 'Promise<ModelConfig>'.
../lib-shared/src/utils/ai-agent-setup.ts(68,29): error TS2339: Property 'model' does not exist on type 'Promise<ModelConfig>'.
../lib-shared/src/utils/ai-agent-setup.ts(69,19): error TS2339: Property 'model' does not exist on type 'Promise<ModelConfig>'.
../lib-shared/src/utils/ai-agent-setup.ts(70,33): error TS2339: Property 'model' does not exist on type 'Promise<ModelConfig>'.
../lib-shared/src/utils/nutrition-plan-helpers.ts(46,36): error TS18046: 'd' is of type 'unknown'.
../lib-shared/src/utils/nutrition-plan-helpers.ts(57,49): error TS18046: 'w' is of type 'unknown'.
../lib-shared/src/utils/nutrition-plan-helpers.ts(61,42): error TS18046: 'd' is of type 'unknown'.
../lib-shared/src/utils/nutrition-plan-helpers.ts(71,43): error TS18046: 'w' is of type 'unknown'.
../lib-shared/src/utils/workout-program-helpers.ts(50,36): error TS18046: 'd' is of type 'unknown'.
../lib-shared/src/utils/workout-program-helpers.ts(61,52): error TS18046: 'w' is of type 'unknown'.
../lib-shared/src/utils/workout-program-helpers.ts(65,42): error TS18046: 'd' is of type 'unknown'.
../lib-shared/src/utils/workout-program-helpers.ts(75,46): error TS18046: 'w' is of type 'unknown'.
../lib-stores/src/direct-messaging.hooks.ts(10,1): error TS6133: 'useCallback' is declared but its value is never read.
../lib-stores/src/direct-messaging.hooks.ts(15,3): error TS6133: 'useRealtimeSyncSingle' is declared but its value is never read.
../lib-stores/src/direct-messaging.hooks.ts(16,8): error TS6133: 'UseRealtimeSubscriptionOptions' is declared but its value is never read.
../lib-stores/src/direct-messaging.hooks.ts(19,1): error TS6192: All imports in import declaration are unused.
../lib-vercel-admin/src/vercel-env-vars-api.service.ts(217,62): error TS18046: 'env' is of type 'unknown'.
../lib-workout/src/helpers/index.ts(13,1): error TS2308: Module './workout-operations' has already exported a member named 'createSetGroup'. Consider explicitly re-exporting to resolve the ambiguity.
../lib-workout/src/helpers/normalizers/workout-normalizer.ts(217,5): error TS2322: Type 'string | null | undefined' is not assignable to type 'string | undefined'.
  Type 'null' is not assignable to type 'string | undefined'.
../lib-workout/src/mappers/workout-session.mapper.ts(23,5): error TS2322: Type 'string | null' is not assignable to type 'string'.
  Type 'null' is not assignable to type 'string'.
../lib-workout/src/services/progression-template.service.ts(3,10): error TS1485: 'WorkoutTemplateType' resolves to a type-only declaration and must be imported using a type-only import when 'verbatimModuleSyntax' is enabled.
../lib-workout/src/services/progression-template.service.ts(22,15): error TS1362: 'WorkoutTemplateType' cannot be used as a value because it was exported using 'export type'.
../lib-workout/src/services/progression-template.service.ts(37,15): error TS1362: 'WorkoutTemplateType' cannot be used as a value because it was exported using 'export type'.
../lib-workout/src/services/workout-progression.service.ts(192,18): error TS6133: 'updateSetCount' is declared but its value is never read.
../one-agenda/src/agentic/agentic-planner.ts(51,3): error TS2353: Object literal may only specify known properties, and 'parameters' does not exist in type '({ description?: string | undefined; title?: string | undefined; providerOptions?: SharedV3ProviderOptions | undefined; inputSchema: FlexibleSchema<{ input: { date: string; ... 5 more ...; emailActions: { ...; }[]; }; options?: { ...; } | undefined; }>; needsApproval?: boolean | ... 1 more ... | undefined; onInputSt...'.
../one-agenda/src/agentic/agentic-planner.ts(60,3): error TS2353: Object literal may only specify known properties, and 'parameters' does not exist in type '({ description?: string | undefined; title?: string | undefined; providerOptions?: SharedV3ProviderOptions | undefined; inputSchema: FlexibleSchema<{ input: { date: string; ... 5 more ...; emailActions: { ...; }[]; }; scenario: { ...; }; baseline?: { ...; } | undefined; }>; needsApproval?: boolean | ... 1 more ... |...'.
../one-agenda/src/planner/core/day-timeline.ts(33,44): error TS18046: 'window' is of type 'unknown'.
../one-agenda/src/planner/core/day-timeline.ts(34,42): error TS18046: 'window' is of type 'unknown'.
../one-agenda/src/planner/core/day-timeline.ts(58,29): error TS2345: Argument of type 'unknown' is not assignable to parameter of type 'Interval'.
../one-agenda/src/planner/core/day-timeline.ts(68,11): error TS18046: 'event' is of type 'unknown'.
../one-agenda/src/planner/core/day-timeline.ts(70,14): error TS18046: 'event' is of type 'unknown'.
../one-agenda/src/planner/core/day-timeline.ts(71,14): error TS18046: 'event' is of type 'unknown'.
../one-agenda/src/planner/core/day-timeline.ts(72,12): error TS18046: 'event' is of type 'unknown'.
../one-agenda/src/planner/core/day-timeline.ts(73,17): error TS18046: 'event' is of type 'unknown'.
../one-agenda/src/planner/core/day-timeline.ts(74,18): error TS18046: 'event' is of type 'unknown'.
../one-agenda/src/planner/core/day-timeline.ts(75,22): error TS18046: 'event' is of type 'unknown'.
../one-agenda/src/planner/core/day-timeline.ts(110,33): error TS18048: 'current' is possibly 'undefined'.
../one-agenda/src/planner/core/day-timeline.ts(110,46): error TS18048: 'next' is possibly 'undefined'.
../one-agenda/src/planner/core/day-timeline.ts(113,16): error TS18048: 'current' is possibly 'undefined'.
../one-agenda/src/planner/core/day-timeline.ts(116,16): error TS18048: 'current' is possibly 'undefined'.
../one-agenda/src/planner/core/day-timeline.ts(117,14): error TS18048: 'next' is possibly 'undefined'.
../one-agenda/src/planner/core/summary.ts(27,69): error TS18046: 'task' is of type 'unknown'.
../one-agenda/src/planner/core/summary.ts(31,39): error TS18046: 'block' is of type 'unknown'.
../one-agenda/src/planner/core/summary.ts(31,52): error TS18046: 'block' is of type 'unknown'.
../one-agenda/src/planner/core/summary.ts(32,11): error TS18046: 'block' is of type 'unknown'.
../one-agenda/src/planner/core/summary.ts(33,13): error TS18046: 'block' is of type 'unknown'.
../one-agenda/src/planner/core/summary.ts(33,41): error TS18046: 'acc' is of type 'unknown'.
../one-agenda/src/planner/core/summary.ts(34,14): error TS18046: 'acc' is of type 'unknown'.
../one-agenda/src/planner/core/summary.ts(36,11): error TS18046: 'block' is of type 'unknown'.
../one-agenda/src/planner/core/summary.ts(37,9): error TS18046: 'acc' is of type 'unknown'.
../one-agenda/src/planner/core/summary.ts(39,11): error TS18046: 'block' is of type 'unknown'.
../one-agenda/src/planner/core/summary.ts(40,9): error TS18046: 'acc' is of type 'unknown'.
../one-agenda/src/planner/core/summary.ts(53,39): error TS18046: 'sum' is of type 'unknown'.
../one-agenda/src/planner/core/summary.ts(53,61): error TS18046: 'block' is of type 'unknown'.
../one-agenda/src/planner/core/summary.ts(53,74): error TS18046: 'block' is of type 'unknown'.
../one-agenda/src/planner/core/summary.ts(59,15): error TS18046: 'task' is of type 'unknown'.
../one-agenda/src/planner/core/summary.ts(59,51): error TS18046: 'task' is of type 'unknown'.
../one-agenda/src/planner/core/summary.ts(60,30): error TS18046: 'task' is of type 'unknown'.
../one-agenda/src/planner/core/summary.ts(60,78): error TS18046: 'task' is of type 'unknown'.
../one-agenda/src/planner/core/summary.ts(61,17): error TS18046: 'task' is of type 'unknown'.
../one-agenda/src/planner/core/summary.ts(62,85): error TS18046: 'task' is of type 'unknown'.
../one-agenda/src/planner/core/summary.ts(70,24): error TS18046: 'totals' is of type 'unknown'.
../one-agenda/src/planner/core/summary.ts(71,27): error TS18046: 'totals' is of type 'unknown'.
../one-agenda/src/planner/core/summary.ts(72,45): error TS18046: 'scheduledMinutes' is of type 'unknown'.
../one-agenda/src/planner/core/summary.ts(73,5): error TS2322: Type '{ id: string; severity: string; description: string; mitigation: string | null; }[]' is not assignable to type '{ id: string; severity: "LOW" | "MEDIUM" | "HIGH"; description: string; mitigation: string | null; }[]'.
  Type '{ id: string; severity: string; description: string; mitigation: string | null; }' is not assignable to type '{ id: string; severity: "LOW" | "MEDIUM" | "HIGH"; description: string; mitigation: string | null; }'.
    Types of property 'severity' are incompatible.
      Type 'string' is not assignable to type '"LOW" | "MEDIUM" | "HIGH"'.
../one-agenda/src/planner/core/task-scheduler.ts(28,81): error TS2345: Argument of type 'unknown' is not assignable to parameter of type 'RankedTask'.
../one-agenda/src/planner/core/task-scheduler.ts(76,34): error TS18046: 'task' is of type 'unknown'.
../one-agenda/src/planner/core/task-scheduler.ts(78,28): error TS2345: Argument of type 'unknown' is not assignable to parameter of type 'RankedTask'.
../one-agenda/src/planner/core/task-scheduler.ts(79,25): error TS2345: Argument of type 'unknown' is not assignable to parameter of type 'RankedTask'.
../one-agent/src/agents/chat/ChatAgent.ts(19,25): error TS6133: 'tool' is declared but its value is never read.
../one-agent/src/agents/chat/ChatAgent.ts(212,46): error TS18048: 'TIER_MODELS.balanced' is possibly 'undefined'.
../one-agent/src/agents/chat/ChatAgent.ts(241,20): error TS18048: 'tierConfig' is possibly 'undefined'.
../one-agent/src/agents/chat/ChatAgent.ts(242,19): error TS18048: 'tierConfig' is possibly 'undefined'.
../one-agent/src/agents/chat/ChatAgent.ts(243,21): error TS18048: 'tierConfig' is possibly 'undefined'.
../oneagenda-core/src/db.ts(109,31): error TS2339: Property 'milestoneId' does not exist on type 'Partial<oneagenda_tasksCreateInput>'.
../oneagenda-core/src/db.ts(113,11): error TS2322: Type 'Record<string, unknown>' is not assignable to type 'NullableJsonNullValueInput | InputJsonValue | undefined'.
  Type 'Record<string, unknown>' is missing the following properties from type 'readonly (InputJsonValue | null)[]': length, concat, join, slice, and 26 more.
../oneagenda-core/src/db.ts(180,27): error TS2724: '"/Users/giulioleone/Sviluppo/CoachOne/node_modules/.pnpm/@prisma+client@7.0.0_prisma@7.0.0_@types+react@19.2.6_react-dom@19.2.0_react@19.2.0__re_e509aaf00ec421392259ff1a0e8d545a/node_modules/.prisma/client/index".Prisma' has no exported member named 'oneagenda_goalsWhereInput'. Did you mean 'oneagenda_tasksWhereInput'?
../oneagenda-core/src/db.ts(185,34): error TS2551: Property 'oneagenda_goals' does not exist on type 'PrismaClient<PrismaClientOptions, never, DefaultArgs>'. Did you mean 'oneagenda_tasks'?
../oneagenda-core/src/db.ts(192,25): error TS7006: Parameter 'goal' implicitly has an 'any' type.
../oneagenda-core/src/db.ts(211,33): error TS2551: Property 'oneagenda_goals' does not exist on type 'PrismaClient<PrismaClientOptions, never, DefaultArgs>'. Did you mean 'oneagenda_tasks'?
../oneagenda-core/src/db.ts(231,58): error TS2724: '"/Users/giulioleone/Sviluppo/CoachOne/node_modules/.pnpm/@prisma+client@7.0.0_prisma@7.0.0_@types+react@19.2.6_react-dom@19.2.0_react@19.2.0__re_e509aaf00ec421392259ff1a0e8d545a/node_modules/.prisma/client/index".Prisma' has no exported member named 'oneagenda_goalsCreateInput'. Did you mean 'oneagenda_tasksCreateInput'?
../oneagenda-core/src/db.ts(233,33): error TS2551: Property 'oneagenda_goals' does not exist on type 'PrismaClient<PrismaClientOptions, never, DefaultArgs>'. Did you mean 'oneagenda_tasks'?
../oneagenda-core/src/db.ts(275,37): error TS2551: Property 'oneagenda_goals' does not exist on type 'PrismaClient<PrismaClientOptions, never, DefaultArgs>'. Did you mean 'oneagenda_tasks'?
../oneagenda-core/src/db.ts(280,20): error TS2551: Property 'oneagenda_goals' does not exist on type 'PrismaClient<PrismaClientOptions, never, DefaultArgs>'. Did you mean 'oneagenda_tasks'?
../oneagenda-core/src/db.ts(289,32): error TS2339: Property 'oneagenda_user_preferences' does not exist on type 'PrismaClient<PrismaClientOptions, never, DefaultArgs>'.
../types/src/index.ts(8,15): error TS6059: File '/Users/giulioleone/Sviluppo/CoachOne/packages/types/src/common.types.ts' is not under 'rootDir' '/Users/giulioleone/Sviluppo/CoachOne/packages/schemas/src'. 'rootDir' is expected to contain all source files.
  The file is in the program because:
    Imported via './common.types' from file '/Users/giulioleone/Sviluppo/CoachOne/packages/types/src/index.ts'
    Imported via './common.types' from file '/Users/giulioleone/Sviluppo/CoachOne/packages/types/src/workout.types.ts'
    Imported via './common.types' from file '/Users/giulioleone/Sviluppo/CoachOne/packages/types/src/tracking.types.ts'
    Imported via './common.types' from file '/Users/giulioleone/Sviluppo/CoachOne/packages/types/src/api.types.ts'
    Imported via './common.types' from file '/Users/giulioleone/Sviluppo/CoachOne/packages/types/src/ui.types.ts'
../types/src/index.ts(8,15): error TS6307: File '/Users/giulioleone/Sviluppo/CoachOne/packages/types/src/common.types.ts' is not listed within the file list of project '/Users/giulioleone/Sviluppo/CoachOne/packages/schemas/tsconfig.json'. Projects must list all files or use an 'include' pattern.
  The file is in the program because:
    Imported via './common.types' from file '/Users/giulioleone/Sviluppo/CoachOne/packages/types/src/index.ts'
    Imported via './common.types' from file '/Users/giulioleone/Sviluppo/CoachOne/packages/types/src/workout.types.ts'
    Imported via './common.types' from file '/Users/giulioleone/Sviluppo/CoachOne/packages/types/src/tracking.types.ts'
    Imported via './common.types' from file '/Users/giulioleone/Sviluppo/CoachOne/packages/types/src/api.types.ts'
    Imported via './common.types' from file '/Users/giulioleone/Sviluppo/CoachOne/packages/types/src/ui.types.ts'
../types/src/index.ts(11,15): error TS6059: File '/Users/giulioleone/Sviluppo/CoachOne/packages/types/src/workout.types.ts' is not under 'rootDir' '/Users/giulioleone/Sviluppo/CoachOne/packages/schemas/src'. 'rootDir' is expected to contain all source files.
  The file is in the program because:
    Imported via './workout.types' from file '/Users/giulioleone/Sviluppo/CoachOne/packages/types/src/index.ts'
    Imported via './workout.types' from file '/Users/giulioleone/Sviluppo/CoachOne/packages/types/src/tracking.types.ts'
    Imported via './workout.types' from file '/Users/giulioleone/Sviluppo/CoachOne/packages/types/src/api.types.ts'
../types/src/index.ts(11,15): error TS6307: File '/Users/giulioleone/Sviluppo/CoachOne/packages/types/src/workout.types.ts' is not listed within the file list of project '/Users/giulioleone/Sviluppo/CoachOne/packages/schemas/tsconfig.json'. Projects must list all files or use an 'include' pattern.
  The file is in the program because:
    Imported via './workout.types' from file '/Users/giulioleone/Sviluppo/CoachOne/packages/types/src/index.ts'
    Imported via './workout.types' from file '/Users/giulioleone/Sviluppo/CoachOne/packages/types/src/tracking.types.ts'
    Imported via './workout.types' from file '/Users/giulioleone/Sviluppo/CoachOne/packages/types/src/api.types.ts'
../types/src/index.ts(14,15): error TS6059: File '/Users/giulioleone/Sviluppo/CoachOne/packages/types/src/nutrition.types.ts' is not under 'rootDir' '/Users/giulioleone/Sviluppo/CoachOne/packages/schemas/src'. 'rootDir' is expected to contain all source files.
  The file is in the program because:
    Imported via './nutrition.types' from file '/Users/giulioleone/Sviluppo/CoachOne/packages/types/src/index.ts'
    Imported via './nutrition.types' from file '/Users/giulioleone/Sviluppo/CoachOne/packages/types/src/tracking.types.ts'
    Imported via './nutrition.types' from file '/Users/giulioleone/Sviluppo/CoachOne/packages/types/src/api.types.ts'
    Imported via './nutrition.types' from file '/Users/giulioleone/Sviluppo/CoachOne/packages/types/src/food.types.ts'
../types/src/index.ts(14,15): error TS6307: File '/Users/giulioleone/Sviluppo/CoachOne/packages/types/src/nutrition.types.ts' is not listed within the file list of project '/Users/giulioleone/Sviluppo/CoachOne/packages/schemas/tsconfig.json'. Projects must list all files or use an 'include' pattern.
  The file is in the program because:
    Imported via './nutrition.types' from file '/Users/giulioleone/Sviluppo/CoachOne/packages/types/src/index.ts'
    Imported via './nutrition.types' from file '/Users/giulioleone/Sviluppo/CoachOne/packages/types/src/tracking.types.ts'
    Imported via './nutrition.types' from file '/Users/giulioleone/Sviluppo/CoachOne/packages/types/src/api.types.ts'
    Imported via './nutrition.types' from file '/Users/giulioleone/Sviluppo/CoachOne/packages/types/src/food.types.ts'
../types/src/index.ts(17,15): error TS6059: File '/Users/giulioleone/Sviluppo/CoachOne/packages/types/src/tracking.types.ts' is not under 'rootDir' '/Users/giulioleone/Sviluppo/CoachOne/packages/schemas/src'. 'rootDir' is expected to contain all source files.
../types/src/index.ts(17,15): error TS6307: File '/Users/giulioleone/Sviluppo/CoachOne/packages/types/src/tracking.types.ts' is not listed within the file list of project '/Users/giulioleone/Sviluppo/CoachOne/packages/schemas/tsconfig.json'. Projects must list all files or use an 'include' pattern.
../types/src/index.ts(20,15): error TS6059: File '/Users/giulioleone/Sviluppo/CoachOne/packages/types/src/chat.types.ts' is not under 'rootDir' '/Users/giulioleone/Sviluppo/CoachOne/packages/schemas/src'. 'rootDir' is expected to contain all source files.
  The file is in the program because:
    Imported via './chat.types' from file '/Users/giulioleone/Sviluppo/CoachOne/packages/types/src/index.ts'
    Imported via './chat.types' from file '/Users/giulioleone/Sviluppo/CoachOne/packages/types/src/api.types.ts'
../types/src/index.ts(20,15): error TS6307: File '/Users/giulioleone/Sviluppo/CoachOne/packages/types/src/chat.types.ts' is not listed within the file list of project '/Users/giulioleone/Sviluppo/CoachOne/packages/schemas/tsconfig.json'. Projects must list all files or use an 'include' pattern.
  The file is in the program because:
    Imported via './chat.types' from file '/Users/giulioleone/Sviluppo/CoachOne/packages/types/src/index.ts'
    Imported via './chat.types' from file '/Users/giulioleone/Sviluppo/CoachOne/packages/types/src/api.types.ts'
../types/src/index.ts(23,15): error TS6059: File '/Users/giulioleone/Sviluppo/CoachOne/packages/types/src/intent.types.ts' is not under 'rootDir' '/Users/giulioleone/Sviluppo/CoachOne/packages/schemas/src'. 'rootDir' is expected to contain all source files.
../types/src/index.ts(23,15): error TS6307: File '/Users/giulioleone/Sviluppo/CoachOne/packages/types/src/intent.types.ts' is not listed within the file list of project '/Users/giulioleone/Sviluppo/CoachOne/packages/schemas/tsconfig.json'. Projects must list all files or use an 'include' pattern.
../types/src/index.ts(26,15): error TS6059: File '/Users/giulioleone/Sviluppo/CoachOne/packages/types/src/api.types.ts' is not under 'rootDir' '/Users/giulioleone/Sviluppo/CoachOne/packages/schemas/src'. 'rootDir' is expected to contain all source files.
../types/src/index.ts(26,15): error TS6307: File '/Users/giulioleone/Sviluppo/CoachOne/packages/types/src/api.types.ts' is not listed within the file list of project '/Users/giulioleone/Sviluppo/CoachOne/packages/schemas/tsconfig.json'. Projects must list all files or use an 'include' pattern.
../types/src/index.ts(32,15): error TS6059: File '/Users/giulioleone/Sviluppo/CoachOne/packages/types/src/auth.types.ts' is not under 'rootDir' '/Users/giulioleone/Sviluppo/CoachOne/packages/schemas/src'. 'rootDir' is expected to contain all source files.
../types/src/index.ts(32,15): error TS6307: File '/Users/giulioleone/Sviluppo/CoachOne/packages/types/src/auth.types.ts' is not listed within the file list of project '/Users/giulioleone/Sviluppo/CoachOne/packages/schemas/tsconfig.json'. Projects must list all files or use an 'include' pattern.
../types/src/index.ts(35,15): error TS6059: File '/Users/giulioleone/Sviluppo/CoachOne/packages/types/src/stripe.types.ts' is not under 'rootDir' '/Users/giulioleone/Sviluppo/CoachOne/packages/schemas/src'. 'rootDir' is expected to contain all source files.
../types/src/index.ts(35,15): error TS6307: File '/Users/giulioleone/Sviluppo/CoachOne/packages/types/src/stripe.types.ts' is not listed within the file list of project '/Users/giulioleone/Sviluppo/CoachOne/packages/schemas/tsconfig.json'. Projects must list all files or use an 'include' pattern.
../types/src/index.ts(38,15): error TS6059: File '/Users/giulioleone/Sviluppo/CoachOne/packages/types/src/ui.types.ts' is not under 'rootDir' '/Users/giulioleone/Sviluppo/CoachOne/packages/schemas/src'. 'rootDir' is expected to contain all source files.
../types/src/index.ts(38,15): error TS6307: File '/Users/giulioleone/Sviluppo/CoachOne/packages/types/src/ui.types.ts' is not listed within the file list of project '/Users/giulioleone/Sviluppo/CoachOne/packages/schemas/tsconfig.json'. Projects must list all files or use an 'include' pattern.
../types/src/index.ts(39,15): error TS6059: File '/Users/giulioleone/Sviluppo/CoachOne/packages/types/src/prisma.types.ts' is not under 'rootDir' '/Users/giulioleone/Sviluppo/CoachOne/packages/schemas/src'. 'rootDir' is expected to contain all source files.
  The file is in the program because:
    Imported via './prisma.types' from file '/Users/giulioleone/Sviluppo/CoachOne/packages/types/src/index.ts'
    Imported via './prisma.types' from file '/Users/giulioleone/Sviluppo/CoachOne/packages/types/src/orchestrator.types.ts'
../types/src/index.ts(39,15): error TS6307: File '/Users/giulioleone/Sviluppo/CoachOne/packages/types/src/prisma.types.ts' is not listed within the file list of project '/Users/giulioleone/Sviluppo/CoachOne/packages/schemas/tsconfig.json'. Projects must list all files or use an 'include' pattern.
  The file is in the program because:
    Imported via './prisma.types' from file '/Users/giulioleone/Sviluppo/CoachOne/packages/types/src/index.ts'
    Imported via './prisma.types' from file '/Users/giulioleone/Sviluppo/CoachOne/packages/types/src/orchestrator.types.ts'
../types/src/index.ts(41,15): error TS6059: File '/Users/giulioleone/Sviluppo/CoachOne/packages/types/src/projects.types.ts' is not under 'rootDir' '/Users/giulioleone/Sviluppo/CoachOne/packages/schemas/src'. 'rootDir' is expected to contain all source files.
../types/src/index.ts(41,15): error TS6307: File '/Users/giulioleone/Sviluppo/CoachOne/packages/types/src/projects.types.ts' is not listed within the file list of project '/Users/giulioleone/Sviluppo/CoachOne/packages/schemas/tsconfig.json'. Projects must list all files or use an 'include' pattern.
../types/src/index.ts(42,15): error TS6059: File '/Users/giulioleone/Sviluppo/CoachOne/packages/types/src/habits.types.ts' is not under 'rootDir' '/Users/giulioleone/Sviluppo/CoachOne/packages/schemas/src'. 'rootDir' is expected to contain all source files.
../types/src/index.ts(42,15): error TS6307: File '/Users/giulioleone/Sviluppo/CoachOne/packages/types/src/habits.types.ts' is not listed within the file list of project '/Users/giulioleone/Sviluppo/CoachOne/packages/schemas/tsconfig.json'. Projects must list all files or use an 'include' pattern.
../types/src/index.ts(45,15): error TS6059: File '/Users/giulioleone/Sviluppo/CoachOne/packages/types/src/copilot.types.ts' is not under 'rootDir' '/Users/giulioleone/Sviluppo/CoachOne/packages/schemas/src'. 'rootDir' is expected to contain all source files.
../types/src/index.ts(45,15): error TS6307: File '/Users/giulioleone/Sviluppo/CoachOne/packages/types/src/copilot.types.ts' is not listed within the file list of project '/Users/giulioleone/Sviluppo/CoachOne/packages/schemas/tsconfig.json'. Projects must list all files or use an 'include' pattern.
../types/src/index.ts(48,15): error TS6059: File '/Users/giulioleone/Sviluppo/CoachOne/packages/types/src/orchestrator.types.ts' is not under 'rootDir' '/Users/giulioleone/Sviluppo/CoachOne/packages/schemas/src'. 'rootDir' is expected to contain all source files.
../types/src/index.ts(48,15): error TS6307: File '/Users/giulioleone/Sviluppo/CoachOne/packages/types/src/orchestrator.types.ts' is not listed within the file list of project '/Users/giulioleone/Sviluppo/CoachOne/packages/schemas/tsconfig.json'. Projects must list all files or use an 'include' pattern.
../types/src/index.ts(51,15): error TS6059: File '/Users/giulioleone/Sviluppo/CoachOne/packages/types/src/exercise.types.ts' is not under 'rootDir' '/Users/giulioleone/Sviluppo/CoachOne/packages/schemas/src'. 'rootDir' is expected to contain all source files.
../types/src/index.ts(51,15): error TS6307: File '/Users/giulioleone/Sviluppo/CoachOne/packages/types/src/exercise.types.ts' is not listed within the file list of project '/Users/giulioleone/Sviluppo/CoachOne/packages/schemas/tsconfig.json'. Projects must list all files or use an 'include' pattern.
../types/src/index.ts(54,15): error TS6059: File '/Users/giulioleone/Sviluppo/CoachOne/packages/types/src/food.types.ts' is not under 'rootDir' '/Users/giulioleone/Sviluppo/CoachOne/packages/schemas/src'. 'rootDir' is expected to contain all source files.
../types/src/index.ts(54,15): error TS6307: File '/Users/giulioleone/Sviluppo/CoachOne/packages/types/src/food.types.ts' is not listed within the file list of project '/Users/giulioleone/Sviluppo/CoachOne/packages/schemas/tsconfig.json'. Projects must list all files or use an 'include' pattern.
../types/src/index.ts(57,15): error TS6059: File '/Users/giulioleone/Sviluppo/CoachOne/packages/types/src/analytics.types.ts' is not under 'rootDir' '/Users/giulioleone/Sviluppo/CoachOne/packages/schemas/src'. 'rootDir' is expected to contain all source files.
../types/src/index.ts(57,15): error TS6307: File '/Users/giulioleone/Sviluppo/CoachOne/packages/types/src/analytics.types.ts' is not listed within the file list of project '/Users/giulioleone/Sviluppo/CoachOne/packages/schemas/tsconfig.json'. Projects must list all files or use an 'include' pattern.
../types/src/index.ts(60,15): error TS6059: File '/Users/giulioleone/Sviluppo/CoachOne/packages/types/src/feature-flags.types.ts' is not under 'rootDir' '/Users/giulioleone/Sviluppo/CoachOne/packages/schemas/src'. 'rootDir' is expected to contain all source files.
../types/src/index.ts(60,15): error TS6307: File '/Users/giulioleone/Sviluppo/CoachOne/packages/types/src/feature-flags.types.ts' is not listed within the file list of project '/Users/giulioleone/Sviluppo/CoachOne/packages/schemas/tsconfig.json'. Projects must list all files or use an 'include' pattern.
../types/src/index.ts(63,15): error TS6059: File '/Users/giulioleone/Sviluppo/CoachOne/packages/types/src/onboarding.types.ts' is not under 'rootDir' '/Users/giulioleone/Sviluppo/CoachOne/packages/schemas/src'. 'rootDir' is expected to contain all source files.
../types/src/index.ts(63,15): error TS6307: File '/Users/giulioleone/Sviluppo/CoachOne/packages/types/src/onboarding.types.ts' is not listed within the file list of project '/Users/giulioleone/Sviluppo/CoachOne/packages/schemas/tsconfig.json'. Projects must list all files or use an 'include' pattern.
../types/src/index.ts(66,15): error TS6059: File '/Users/giulioleone/Sviluppo/CoachOne/packages/types/src/planning.types.ts' is not under 'rootDir' '/Users/giulioleone/Sviluppo/CoachOne/packages/schemas/src'. 'rootDir' is expected to contain all source files.
../types/src/index.ts(66,15): error TS6307: File '/Users/giulioleone/Sviluppo/CoachOne/packages/types/src/planning.types.ts' is not listed within the file list of project '/Users/giulioleone/Sviluppo/CoachOne/packages/schemas/tsconfig.json'. Projects must list all files or use an 'include' pattern.
../types/src/index.ts(69,15): error TS6059: File '/Users/giulioleone/Sviluppo/CoachOne/packages/types/src/generation.types.ts' is not under 'rootDir' '/Users/giulioleone/Sviluppo/CoachOne/packages/schemas/src'. 'rootDir' is expected to contain all source files.
../types/src/index.ts(69,15): error TS6307: File '/Users/giulioleone/Sviluppo/CoachOne/packages/types/src/generation.types.ts' is not listed within the file list of project '/Users/giulioleone/Sviluppo/CoachOne/packages/schemas/tsconfig.json'. Projects must list all files or use an 'include' pattern.
../types/src/index.ts(72,15): error TS6059: File '/Users/giulioleone/Sviluppo/CoachOne/packages/types/src/dnd.types.ts' is not under 'rootDir' '/Users/giulioleone/Sviluppo/CoachOne/packages/schemas/src'. 'rootDir' is expected to contain all source files.
../types/src/index.ts(72,15): error TS6307: File '/Users/giulioleone/Sviluppo/CoachOne/packages/types/src/dnd.types.ts' is not listed within the file list of project '/Users/giulioleone/Sviluppo/CoachOne/packages/schemas/tsconfig.json'. Projects must list all files or use an 'include' pattern.
../types/src/index.ts(75,15): error TS6059: File '/Users/giulioleone/Sviluppo/CoachOne/packages/types/src/maxes.types.ts' is not under 'rootDir' '/Users/giulioleone/Sviluppo/CoachOne/packages/schemas/src'. 'rootDir' is expected to contain all source files.
../types/src/index.ts(75,15): error TS6307: File '/Users/giulioleone/Sviluppo/CoachOne/packages/types/src/maxes.types.ts' is not listed within the file list of project '/Users/giulioleone/Sviluppo/CoachOne/packages/schemas/tsconfig.json'. Projects must list all files or use an 'include' pattern.
../types/src/ui.types.ts(9,33): error TS6059: File '/Users/giulioleone/Sviluppo/CoachOne/packages/types/src/client-safe.types.ts' is not under 'rootDir' '/Users/giulioleone/Sviluppo/CoachOne/packages/schemas/src'. 'rootDir' is expected to contain all source files.
  The file is in the program because:
    Imported via './client-safe.types' from file '/Users/giulioleone/Sviluppo/CoachOne/packages/types/src/ui.types.ts'
    Imported via './client-safe.types' from file '/Users/giulioleone/Sviluppo/CoachOne/packages/types/src/index.client.ts'
../types/src/ui.types.ts(9,33): error TS6307: File '/Users/giulioleone/Sviluppo/CoachOne/packages/types/src/client-safe.types.ts' is not listed within the file list of project '/Users/giulioleone/Sviluppo/CoachOne/packages/schemas/tsconfig.json'. Projects must list all files or use an 'include' pattern.
  The file is in the program because:
    Imported via './client-safe.types' from file '/Users/giulioleone/Sviluppo/CoachOne/packages/types/src/ui.types.ts'
    Imported via './client-safe.types' from file '/Users/giulioleone/Sviluppo/CoachOne/packages/types/src/index.client.ts'
../types/src/workout.types.ts(17,74): error TS6059: File '/Users/giulioleone/Sviluppo/CoachOne/packages/types/src/database.types.ts' is not under 'rootDir' '/Users/giulioleone/Sviluppo/CoachOne/packages/schemas/src'. 'rootDir' is expected to contain all source files.
  The file is in the program because:
    Imported via './database.types' from file '/Users/giulioleone/Sviluppo/CoachOne/packages/types/src/workout.types.ts'
    Imported via './database.types' from file '/Users/giulioleone/Sviluppo/CoachOne/packages/types/src/nutrition.types.ts'
    Imported via './database.types' from file '/Users/giulioleone/Sviluppo/CoachOne/packages/types/src/index.ts'
    Imported via './database.types' from file '/Users/giulioleone/Sviluppo/CoachOne/packages/types/src/auth.types.ts'
    Imported via './database.types' from file '/Users/giulioleone/Sviluppo/CoachOne/packages/types/src/stripe.types.ts'
    Imported via './database.types' from file '/Users/giulioleone/Sviluppo/CoachOne/packages/types/src/generation.types.ts'
../types/src/workout.types.ts(17,74): error TS6307: File '/Users/giulioleone/Sviluppo/CoachOne/packages/types/src/database.types.ts' is not listed within the file list of project '/Users/giulioleone/Sviluppo/CoachOne/packages/schemas/tsconfig.json'. Projects must list all files or use an 'include' pattern.
  The file is in the program because:
    Imported via './database.types' from file '/Users/giulioleone/Sviluppo/CoachOne/packages/types/src/workout.types.ts'
    Imported via './database.types' from file '/Users/giulioleone/Sviluppo/CoachOne/packages/types/src/nutrition.types.ts'
    Imported via './database.types' from file '/Users/giulioleone/Sviluppo/CoachOne/packages/types/src/index.ts'
    Imported via './database.types' from file '/Users/giulioleone/Sviluppo/CoachOne/packages/types/src/auth.types.ts'
    Imported via './database.types' from file '/Users/giulioleone/Sviluppo/CoachOne/packages/types/src/stripe.types.ts'
    Imported via './database.types' from file '/Users/giulioleone/Sviluppo/CoachOne/packages/types/src/generation.types.ts'
../ui/src/app-shell/sidebar.tsx(12,46): error TS2307: Cannot find module 'app/navigation' or its corresponding type declarations.
../ui/src/carousel.tsx(166,3): error TS2322: Type '"icon"' is not assignable to type 'ButtonSize'.
../ui/src/carousel.tsx(196,3): error TS2322: Type '"icon"' is not assignable to type 'ButtonSize'.
../ui/src/checkout/checkout-provider.tsx(47,9): error TS2353: Object literal may only specify known properties, and 'defaultValues' does not exist in type 'StripeElementsOptionsClientSecret'.
../ui/src/combobox.tsx(4,31): error TS6133: 'X' is declared but its value is never read.
../ui/src/command.tsx(44,9): error TS2322: Type '{ children: Element; className: string; showCloseButton: boolean; }' is not assignable to type 'IntrinsicAttributes & Omit<DialogContentProps & RefAttributes<HTMLDivElement>, "ref"> & RefAttributes<...>'.
  Property 'showCloseButton' does not exist on type 'IntrinsicAttributes & Omit<DialogContentProps & RefAttributes<HTMLDivElement>, "ref"> & RefAttributes<...>'.
../ui/src/components/ai-elements/prompt-input.tsx(522,14): error TS2323: Cannot redeclare exported variable 'PromptInputRoot'.
../ui/src/components/ai-elements/prompt-input.tsx(537,7): error TS2322: Type '"icon-sm"' is not assignable to type 'ButtonSize | undefined'.
../ui/src/components/ai-elements/prompt-input.tsx(590,41): error TS6133: 'textareaRef' is declared but its value is never read.
../ui/src/components/ai-elements/prompt-input.tsx(595,27): error TS2322: Type '"icon-sm"' is not assignable to type 'ButtonSize | undefined'.
../ui/src/components/ai-elements/prompt-input.tsx(603,10): error TS2323: Cannot redeclare exported variable 'PromptInputRoot'.
../ui/src/components/ai-elements/prompt-input.tsx(603,10): error TS2484: Export declaration conflicts with exported declaration of 'PromptInputRoot'.
../ui/src/components/catalog/catalog-layout.tsx(3,1): error TS6133: 'React' is declared but its value is never read.
../ui/src/components/catalog/catalog-layout.tsx(4,18): error TS6133: 'Filter' is declared but its value is never read.
../ui/src/components/catalog/catalog-layout.tsx(5,1): error TS6133: 'Input' is declared but its value is never read.
../ui/src/components/catalog/catalog-layout.tsx(6,1): error TS6133: 'Button' is declared but its value is never read.
../ui/src/components/catalog/resource-card.tsx(91,13): error TS2322: Type '{ src: string; alt: string; className: string; width: number; height: number; }' is not assignable to type 'IntrinsicAttributes & ImageProps & { src?: string | undefined; width?: number | undefined; height?: number | undefined; alt?: string | undefined; }'.
  Property 'className' does not exist on type 'IntrinsicAttributes & ImageProps & { src?: string | undefined; width?: number | undefined; height?: number | undefined; alt?: string | undefined; }'.
../ui/src/components/memory/memory-editor.tsx(11,8): error TS6133: 'React' is declared but its value is never read.
../ui/src/components/memory/memory-editor.tsx(15,1): error TS6133: 'Textarea' is declared but its value is never read.
../ui/src/components/memory/memory-editor.tsx(16,1): error TS6133: 'MemoryEnhancedText' is declared but its value is never read.
../ui/src/components/memory/memory-editor.tsx(30,10): error TS6133: 'memory' is declared but its value is never read.
../ui/src/components/memory/memory-enhanced-text.tsx(10,8): error TS6133: 'React' is declared but its value is never read.
../ui/src/components/memory/memory-insights-card.tsx(10,1): error TS6133: 'React' is declared but its value is never read.
../ui/src/components/memory/memory-progress-tracker.tsx(10,8): error TS6133: 'React' is declared but its value is never read.
../ui/src/components/memory/memory-progress-tracker.tsx(16,16): error TS6133: 'TrendingDown' is declared but its value is never read.
../ui/src/components/memory/memory-progress-tracker.tsx(16,30): error TS6133: 'TrendingUp' is declared but its value is never read.
../ui/src/components/memory/memory-progress-tracker.tsx(16,42): error TS6133: 'AlertTriangle' is declared but its value is never read.
../ui/src/components/memory/memory-progress-tracker.tsx(16,57): error TS6133: 'Target' is declared but its value is never read.
../ui/src/components/memory/memory-timeline.tsx(10,8): error TS6133: 'React' is declared but its value is never read.
../ui/src/components/memory/memory-timeline.tsx(18,10): error TS6133: 'TrendingDown' is declared but its value is never read.
../ui/src/components/memory/memory-version-history.tsx(10,8): error TS6133: 'React' is declared but its value is never read.
../ui/src/components/model-selector.tsx(6,1): error TS6133: 'GlassCard' is declared but its value is never read.
../ui/src/components/model-selector.tsx(7,18): error TS6133: 'Filter' is declared but its value is never read.
../ui/src/components/project-gantt.tsx(3,1): error TS6133: 'React' is declared but its value is never read.
../ui/src/components/SkeletonLoader.tsx(41,9): error TS2322: Type '{ width: string | number; height: string | number; borderRadius: number; backgroundColor: string; opacity: Animated.Value; }' is not assignable to type 'false | "" | RegisteredStyle<ViewStyle> | Value | WithAnimatedObject<ViewStyle> | AnimatedInterpolation<string | number> | WithAnimatedArray<...> | readonly (false | ... 6 more ... | undefined)[] | null | undefined'.
  Types of property 'width' are incompatible.
    Type 'string | number' is not assignable to type 'number | "auto" | `${number}%` | Value | AnimatedInterpolation<string | number> | WithAnimatedObject<AnimatedNode> | null | undefined'.
      Type 'string' is not assignable to type 'number | "auto" | `${number}%` | Value | AnimatedInterpolation<string | number> | WithAnimatedObject<AnimatedNode> | null | undefined'.
../ui/src/components/task-list.tsx(87,10): error TS2739: Type '{ onToggle: ((id: string) => void) | undefined; key: any; }' is missing the following properties from type 'TaskItemProps': id, title, status, priority
../ui/src/components/task-list.tsx(87,24): error TS18046: 'task' is of type 'unknown'.
../ui/src/components/task-list.tsx(87,37): error TS2698: Spread types may only be created from object types.
../ui/src/components/unified-list-item.tsx(2,20): error TS2307: Cannot find module 'design-system/dark-mode-classes' or its corresponding type declarations.
../ui/src/components/unified-list-item.tsx(46,7): error TS2322: Type '{ children: (false | Element)[]; onPress: (() => void) | undefined; activeOpacity: number; className: any; }' is not assignable to type 'IntrinsicAttributes & TouchableOpacityProps & RefAttributes<View>'.
  Property 'className' does not exist on type 'IntrinsicAttributes & TouchableOpacityProps & RefAttributes<View>'.
../ui/src/components/unified-list-item.tsx(59,9): error TS2322: Type '{ children: false | Element; onPress: (() => void) | undefined; className: any; }' is not assignable to type 'IntrinsicAttributes & TouchableOpacityProps & RefAttributes<View>'.
  Property 'className' does not exist on type 'IntrinsicAttributes & TouchableOpacityProps & RefAttributes<View>'.
../ui/src/components/unified-list-item.tsx(70,13): error TS2769: No overload matches this call.
  Overload 1 of 2, '(props: ViewProps): View', gave the following error.
    Type '{ children: ("" | Element | undefined)[]; className: string; }' is not assignable to type 'IntrinsicAttributes & IntrinsicClassAttributes<View> & Readonly<ViewProps>'.
      Property 'className' does not exist on type 'IntrinsicAttributes & IntrinsicClassAttributes<View> & Readonly<ViewProps>'.
  Overload 2 of 2, '(props: ViewProps, context: any): View', gave the following error.
    Type '{ children: ("" | Element | undefined)[]; className: string; }' is not assignable to type 'IntrinsicAttributes & IntrinsicClassAttributes<View> & Readonly<ViewProps>'.
      Property 'className' does not exist on type 'IntrinsicAttributes & IntrinsicClassAttributes<View> & Readonly<ViewProps>'.
../ui/src/components/unified-list-item.tsx(71,15): error TS2769: No overload matches this call.
  Overload 1 of 2, '(props: ViewProps): View', gave the following error.
    Type '{ children: Element[]; className: string; }' is not assignable to type 'IntrinsicAttributes & IntrinsicClassAttributes<View> & Readonly<ViewProps>'.
      Property 'className' does not exist on type 'IntrinsicAttributes & IntrinsicClassAttributes<View> & Readonly<ViewProps>'.
  Overload 2 of 2, '(props: ViewProps, context: any): View', gave the following error.
    Type '{ children: Element[]; className: string; }' is not assignable to type 'IntrinsicAttributes & IntrinsicClassAttributes<View> & Readonly<ViewProps>'.
      Property 'className' does not exist on type 'IntrinsicAttributes & IntrinsicClassAttributes<View> & Readonly<ViewProps>'.
../ui/src/components/unified-list-item.tsx(101,15): error TS2769: No overload matches this call.
  Overload 1 of 2, '(props: ViewProps): View', gave the following error.
    Type '{ children: (false | "" | Element | undefined)[]; className: string; }' is not assignable to type 'IntrinsicAttributes & IntrinsicClassAttributes<View> & Readonly<ViewProps>'.
      Property 'className' does not exist on type 'IntrinsicAttributes & IntrinsicClassAttributes<View> & Readonly<ViewProps>'.
  Overload 2 of 2, '(props: ViewProps, context: any): View', gave the following error.
    Type '{ children: (false | "" | Element | undefined)[]; className: string; }' is not assignable to type 'IntrinsicAttributes & IntrinsicClassAttributes<View> & Readonly<ViewProps>'.
      Property 'className' does not exist on type 'IntrinsicAttributes & IntrinsicClassAttributes<View> & Readonly<ViewProps>'.
../ui/src/components/unified-list-item.tsx(103,19): error TS2769: No overload matches this call.
  Overload 1 of 2, '(props: ViewProps): View', gave the following error.
    Type '{ children: Element[]; className: string; }' is not assignable to type 'IntrinsicAttributes & IntrinsicClassAttributes<View> & Readonly<ViewProps>'.
      Property 'className' does not exist on type 'IntrinsicAttributes & IntrinsicClassAttributes<View> & Readonly<ViewProps>'.
  Overload 2 of 2, '(props: ViewProps, context: any): View', gave the following error.
    Type '{ children: Element[]; className: string; }' is not assignable to type 'IntrinsicAttributes & IntrinsicClassAttributes<View> & Readonly<ViewProps>'.
      Property 'className' does not exist on type 'IntrinsicAttributes & IntrinsicClassAttributes<View> & Readonly<ViewProps>'.
../ui/src/components/unified-list-item.tsx(112,19): error TS2769: No overload matches this call.
  Overload 1 of 2, '(props: ViewProps): View', gave the following error.
    Type '{ children: Element; className: string; }' is not assignable to type 'IntrinsicAttributes & IntrinsicClassAttributes<View> & Readonly<ViewProps>'.
      Property 'className' does not exist on type 'IntrinsicAttributes & IntrinsicClassAttributes<View> & Readonly<ViewProps>'.
  Overload 2 of 2, '(props: ViewProps, context: any): View', gave the following error.
    Type '{ children: Element; className: string; }' is not assignable to type 'IntrinsicAttributes & IntrinsicClassAttributes<View> & Readonly<ViewProps>'.
      Property 'className' does not exist on type 'IntrinsicAttributes & IntrinsicClassAttributes<View> & Readonly<ViewProps>'.
../ui/src/components/unified-list-item.tsx(123,15): error TS2769: No overload matches this call.
  Overload 1 of 2, '(props: ViewProps): View', gave the following error.
    Type '{ className: string; }' is not assignable to type 'IntrinsicAttributes & IntrinsicClassAttributes<View> & Readonly<ViewProps>'.
      Property 'className' does not exist on type 'IntrinsicAttributes & IntrinsicClassAttributes<View> & Readonly<ViewProps>'.
  Overload 2 of 2, '(props: ViewProps, context: any): View', gave the following error.
    Type '{ className: string; }' is not assignable to type 'IntrinsicAttributes & IntrinsicClassAttributes<View> & Readonly<ViewProps>'.
      Property 'className' does not exist on type 'IntrinsicAttributes & IntrinsicClassAttributes<View> & Readonly<ViewProps>'.
../ui/src/form-controls.tsx(674,15): error TS2769: No overload matches this call.
  The last overload gave the following error.
    Object literal may only specify known properties, and 'checked' does not exist in type 'Partial<unknown> & Attributes'.
../ui/src/form-input.tsx(17,3): error TS2339: Property 'className' does not exist on type 'FormInputProps'.
../ui/src/form-input.tsx(21,11): error TS2769: No overload matches this call.
  Overload 1 of 2, '(props: ViewProps): View', gave the following error.
    Type '{ children: ("" | Element | undefined)[]; className: string; }' is not assignable to type 'IntrinsicAttributes & IntrinsicClassAttributes<View> & Readonly<ViewProps>'.
      Property 'className' does not exist on type 'IntrinsicAttributes & IntrinsicClassAttributes<View> & Readonly<ViewProps>'.
  Overload 2 of 2, '(props: ViewProps, context: any): View', gave the following error.
    Type '{ children: ("" | Element | undefined)[]; className: string; }' is not assignable to type 'IntrinsicAttributes & IntrinsicClassAttributes<View> & Readonly<ViewProps>'.
      Property 'className' does not exist on type 'IntrinsicAttributes & IntrinsicClassAttributes<View> & Readonly<ViewProps>'.
../ui/src/form-input.tsx(23,15): error TS2769: No overload matches this call.
  Overload 1 of 2, '(props: TextProps): Text', gave the following error.
    Type '{ children: string; className: string; }' is not assignable to type 'IntrinsicAttributes & IntrinsicClassAttributes<Text> & Readonly<TextProps>'.
      Property 'className' does not exist on type 'IntrinsicAttributes & IntrinsicClassAttributes<Text> & Readonly<TextProps>'.
  Overload 2 of 2, '(props: TextProps, context: any): Text', gave the following error.
    Type '{ children: string; className: string; }' is not assignable to type 'IntrinsicAttributes & IntrinsicClassAttributes<Text> & Readonly<TextProps>'.
      Property 'className' does not exist on type 'IntrinsicAttributes & IntrinsicClassAttributes<Text> & Readonly<TextProps>'.
../ui/src/form-input.tsx(28,9): error TS2769: No overload matches this call.
  Overload 1 of 2, '(props: ViewProps): View', gave the following error.
    Type '{ children: (false | "" | 0 | 0n | Element | null | undefined)[]; className: string; }' is not assignable to type 'IntrinsicAttributes & IntrinsicClassAttributes<View> & Readonly<ViewProps>'.
      Property 'className' does not exist on type 'IntrinsicAttributes & IntrinsicClassAttributes<View> & Readonly<ViewProps>'.
  Overload 2 of 2, '(props: ViewProps, context: any): View', gave the following error.
    Type '{ children: (false | "" | 0 | 0n | Element | null | undefined)[]; className: string; }' is not assignable to type 'IntrinsicAttributes & IntrinsicClassAttributes<View> & Readonly<ViewProps>'.
      Property 'className' does not exist on type 'IntrinsicAttributes & IntrinsicClassAttributes<View> & Readonly<ViewProps>'.
../ui/src/form-input.tsx(35,24): error TS2769: No overload matches this call.
  Overload 1 of 2, '(props: ViewProps): View', gave the following error.
    Type '{ children: string | number | bigint | true | ReactElement<unknown, string | JSXElementConstructor<any>> | Iterable<ReactNode> | ReactPortal | Promise<...>; className: string; }' is not assignable to type 'IntrinsicAttributes & IntrinsicClassAttributes<View> & Readonly<ViewProps>'.
      Property 'className' does not exist on type 'IntrinsicAttributes & IntrinsicClassAttributes<View> & Readonly<ViewProps>'.
  Overload 2 of 2, '(props: ViewProps, context: any): View', gave the following error.
    Type '{ children: string | number | bigint | true | ReactElement<unknown, string | JSXElementConstructor<any>> | Iterable<ReactNode> | ReactPortal | Promise<...>; className: string; }' is not assignable to type 'IntrinsicAttributes & IntrinsicClassAttributes<View> & Readonly<ViewProps>'.
      Property 'className' does not exist on type 'IntrinsicAttributes & IntrinsicClassAttributes<View> & Readonly<ViewProps>'.
../ui/src/form-input.tsx(37,11): error TS2769: No overload matches this call.
  Overload 1 of 2, '(props: TextInputProps): TextInput', gave the following error.
    Type '{ allowFontScaling?: boolean | undefined; autoCapitalize?: "none" | "sentences" | "words" | "characters" | undefined; autoComplete?: "name" | "email" | "password" | "country" | "off" | ... 52 more ... | undefined; ... 155 more ...; className: string; }' is not assignable to type 'IntrinsicAttributes & IntrinsicClassAttributes<TextInput> & Readonly<TextInputProps>'.
      Property 'className' does not exist on type 'IntrinsicAttributes & IntrinsicClassAttributes<TextInput> & Readonly<TextInputProps>'.
  Overload 2 of 2, '(props: TextInputProps, context: any): TextInput', gave the following error.
    Type '{ allowFontScaling?: boolean | undefined; autoCapitalize?: "none" | "sentences" | "words" | "characters" | undefined; autoComplete?: "name" | "email" | "password" | "country" | "off" | ... 52 more ... | undefined; ... 155 more ...; className: string; }' is not assignable to type 'IntrinsicAttributes & IntrinsicClassAttributes<TextInput> & Readonly<TextInputProps>'.
      Property 'className' does not exist on type 'IntrinsicAttributes & IntrinsicClassAttributes<TextInput> & Readonly<TextInputProps>'.
../ui/src/form-input.tsx(45,23): error TS2769: No overload matches this call.
  Overload 1 of 2, '(props: TextProps): Text', gave the following error.
    Type '{ children: string; className: string; }' is not assignable to type 'IntrinsicAttributes & IntrinsicClassAttributes<Text> & Readonly<TextProps>'.
      Property 'className' does not exist on type 'IntrinsicAttributes & IntrinsicClassAttributes<Text> & Readonly<TextProps>'.
  Overload 2 of 2, '(props: TextProps, context: any): Text', gave the following error.
    Type '{ children: string; className: string; }' is not assignable to type 'IntrinsicAttributes & IntrinsicClassAttributes<Text> & Readonly<TextProps>'.
      Property 'className' does not exist on type 'IntrinsicAttributes & IntrinsicClassAttributes<Text> & Readonly<TextProps>'.
../ui/src/glass-card.uniwind.tsx(42,7): error TS2769: No overload matches this call.
  Overload 1 of 2, '(props: ViewProps): View', gave the following error.
    Type '{ children: ReactNode; hitSlop?: number | Insets | null | undefined; id?: string | undefined; needsOffscreenAlphaCompositing?: boolean | undefined; onLayout?: ((event: LayoutChangeEvent) => void) | undefined; ... 85 more ...; style: StyleProp<...>[]; }' is not assignable to type 'IntrinsicAttributes & IntrinsicClassAttributes<View> & Readonly<ViewProps>'.
      Property 'className' does not exist on type 'IntrinsicAttributes & IntrinsicClassAttributes<View> & Readonly<ViewProps>'.
  Overload 2 of 2, '(props: ViewProps, context: any): View', gave the following error.
    Type '{ children: ReactNode; hitSlop?: number | Insets | null | undefined; id?: string | undefined; needsOffscreenAlphaCompositing?: boolean | undefined; onLayout?: ((event: LayoutChangeEvent) => void) | undefined; ... 85 more ...; style: StyleProp<...>[]; }' is not assignable to type 'IntrinsicAttributes & IntrinsicClassAttributes<View> & Readonly<ViewProps>'.
      Property 'className' does not exist on type 'IntrinsicAttributes & IntrinsicClassAttributes<View> & Readonly<ViewProps>'.
../ui/src/index.ts(52,1): error TS2308: Module './separator' has already exported a member named 'Separator'. Consider explicitly re-exporting to resolve the ambiguity.
../ui/src/index.ts(124,1): error TS2308: Module './spinner' has already exported a member named 'Spinner'. Consider explicitly re-exporting to resolve the ambiguity.
../ui/src/index.ts(124,1): error TS2308: Module './spinner' has already exported a member named 'SpinnerProps'. Consider explicitly re-exporting to resolve the ambiguity.
../ui/src/layout.tsx(437,10): error TS6196: 'ComponentType' is declared but never used.
../ui/src/layout.tsx(447,38): error TS2552: Cannot find name 'HTMLSectionElement'. Did you mean 'HTMLOptionElement'?
../ui/src/layout.tsx(452,9): error TS2322: Type 'LegacyRef<HTMLElement>' is not assignable to type 'Ref<HTMLDivElement> | undefined'.
  Type 'RefObject<HTMLElement | null>' is not assignable to type 'Ref<HTMLDivElement> | undefined'.
    Type 'RefObject<HTMLElement | null>' is not assignable to type 'RefObject<HTMLDivElement | null>'.
      Type 'HTMLElement | null' is not assignable to type 'HTMLDivElement | null'.
        Property 'align' is missing in type 'HTMLElement' but required in type 'HTMLDivElement'.
../ui/src/loading-indicator.tsx(37,13): error TS18048: 'currentStage' is possibly 'undefined'.
../ui/src/loading-indicator.tsx(47,17): error TS18048: 'currentStage' is possibly 'undefined'.
../ui/src/loading-indicator.tsx(50,16): error TS2604: JSX element type 'Icon' does not have any construct or call signatures.
../ui/src/loading-indicator.tsx(50,16): error TS2786: 'Icon' cannot be used as a JSX component.
  Its type 'ForwardRefExoticComponent<Omit<LucideProps, "ref"> & RefAttributes<SVGSVGElement>> | undefined' is not a valid JSX element type.
    Type 'undefined' is not assignable to type 'ElementType'.
../ui/src/loading-indicator.tsx(53,19): error TS18048: 'currentStage' is possibly 'undefined'.
../ui/src/loading-indicator.tsx(64,21): error TS18048: 'currentStage' is possibly 'undefined'.
../ui/src/quick-actions-grid.tsx(6,10): error TS6133: 'ChevronRight' is declared but its value is never read.
../ui/src/stepper.tsx(12,11): error TS2769: No overload matches this call.
  Overload 1 of 2, '(props: ViewProps): View', gave the following error.
    Type '{ children: Element; className: string; }' is not assignable to type 'IntrinsicAttributes & IntrinsicClassAttributes<View> & Readonly<ViewProps>'.
      Property 'className' does not exist on type 'IntrinsicAttributes & IntrinsicClassAttributes<View> & Readonly<ViewProps>'.
  Overload 2 of 2, '(props: ViewProps, context: any): View', gave the following error.
    Type '{ children: Element; className: string; }' is not assignable to type 'IntrinsicAttributes & IntrinsicClassAttributes<View> & Readonly<ViewProps>'.
      Property 'className' does not exist on type 'IntrinsicAttributes & IntrinsicClassAttributes<View> & Readonly<ViewProps>'.
../ui/src/stepper.tsx(13,13): error TS2769: No overload matches this call.
  Overload 1 of 2, '(props: ViewProps): View', gave the following error.
    Type '{ children: Element[]; className: string; }' is not assignable to type 'IntrinsicAttributes & IntrinsicClassAttributes<View> & Readonly<ViewProps>'.
      Property 'className' does not exist on type 'IntrinsicAttributes & IntrinsicClassAttributes<View> & Readonly<ViewProps>'.
  Overload 2 of 2, '(props: ViewProps, context: any): View', gave the following error.
    Type '{ children: Element[]; className: string; }' is not assignable to type 'IntrinsicAttributes & IntrinsicClassAttributes<View> & Readonly<ViewProps>'.
      Property 'className' does not exist on type 'IntrinsicAttributes & IntrinsicClassAttributes<View> & Readonly<ViewProps>'.
../ui/src/stepper.tsx(19,30): error TS2769: No overload matches this call.
  Overload 1 of 2, '(props: ViewProps): View', gave the following error.
    Type '{ children: (false | Element)[]; key: string; className: string; }' is not assignable to type 'IntrinsicAttributes & IntrinsicClassAttributes<View> & Readonly<ViewProps>'.
      Property 'className' does not exist on type 'IntrinsicAttributes & IntrinsicClassAttributes<View> & Readonly<ViewProps>'.
  Overload 2 of 2, '(props: ViewProps, context: any): View', gave the following error.
    Type '{ children: (false | Element)[]; key: string; className: string; }' is not assignable to type 'IntrinsicAttributes & IntrinsicClassAttributes<View> & Readonly<ViewProps>'.
      Property 'className' does not exist on type 'IntrinsicAttributes & IntrinsicClassAttributes<View> & Readonly<ViewProps>'.
../ui/src/stepper.tsx(20,21): error TS2769: No overload matches this call.
  Overload 1 of 2, '(props: ViewProps): View', gave the following error.
    Type '{ children: Element[]; className: string; }' is not assignable to type 'IntrinsicAttributes & IntrinsicClassAttributes<View> & Readonly<ViewProps>'.
      Property 'className' does not exist on type 'IntrinsicAttributes & IntrinsicClassAttributes<View> & Readonly<ViewProps>'.
  Overload 2 of 2, '(props: ViewProps, context: any): View', gave the following error.
    Type '{ children: Element[]; className: string; }' is not assignable to type 'IntrinsicAttributes & IntrinsicClassAttributes<View> & Readonly<ViewProps>'.
      Property 'className' does not exist on type 'IntrinsicAttributes & IntrinsicClassAttributes<View> & Readonly<ViewProps>'.
../ui/src/stepper.tsx(22,19): error TS2769: No overload matches this call.
  Overload 1 of 2, '(props: ViewProps): View', gave the following error.
    Type '{ children: Element; className: string; }' is not assignable to type 'IntrinsicAttributes & IntrinsicClassAttributes<View> & Readonly<ViewProps>'.
      Property 'className' does not exist on type 'IntrinsicAttributes & IntrinsicClassAttributes<View> & Readonly<ViewProps>'.
  Overload 2 of 2, '(props: ViewProps, context: any): View', gave the following error.
    Type '{ children: Element; className: string; }' is not assignable to type 'IntrinsicAttributes & IntrinsicClassAttributes<View> & Readonly<ViewProps>'.
      Property 'className' does not exist on type 'IntrinsicAttributes & IntrinsicClassAttributes<View> & Readonly<ViewProps>'.
../ui/src/stepper.tsx(32,27): error TS2769: No overload matches this call.
  Overload 1 of 2, '(props: TextProps): Text', gave the following error.
    Type '{ children: string; className: string; }' is not assignable to type 'IntrinsicAttributes & IntrinsicClassAttributes<Text> & Readonly<TextProps>'.
      Property 'className' does not exist on type 'IntrinsicAttributes & IntrinsicClassAttributes<Text> & Readonly<TextProps>'.
  Overload 2 of 2, '(props: TextProps, context: any): Text', gave the following error.
    Type '{ children: string; className: string; }' is not assignable to type 'IntrinsicAttributes & IntrinsicClassAttributes<Text> & Readonly<TextProps>'.
      Property 'className' does not exist on type 'IntrinsicAttributes & IntrinsicClassAttributes<Text> & Readonly<TextProps>'.
../ui/src/stepper.tsx(35,23): error TS2769: No overload matches this call.
  Overload 1 of 2, '(props: TextProps): Text', gave the following error.
    Type '{ children: number; className: string; }' is not assignable to type 'IntrinsicAttributes & IntrinsicClassAttributes<Text> & Readonly<TextProps>'.
      Property 'className' does not exist on type 'IntrinsicAttributes & IntrinsicClassAttributes<Text> & Readonly<TextProps>'.
  Overload 2 of 2, '(props: TextProps, context: any): Text', gave the following error.
    Type '{ children: number; className: string; }' is not assignable to type 'IntrinsicAttributes & IntrinsicClassAttributes<Text> & Readonly<TextProps>'.
      Property 'className' does not exist on type 'IntrinsicAttributes & IntrinsicClassAttributes<Text> & Readonly<TextProps>'.
../ui/src/stepper.tsx(47,19): error TS2769: No overload matches this call.
  Overload 1 of 2, '(props: TextProps): Text', gave the following error.
    Type '{ children: string; className: string; }' is not assignable to type 'IntrinsicAttributes & IntrinsicClassAttributes<Text> & Readonly<TextProps>'.
      Property 'className' does not exist on type 'IntrinsicAttributes & IntrinsicClassAttributes<Text> & Readonly<TextProps>'.
  Overload 2 of 2, '(props: TextProps, context: any): Text', gave the following error.
    Type '{ children: string; className: string; }' is not assignable to type 'IntrinsicAttributes & IntrinsicClassAttributes<Text> & Readonly<TextProps>'.
      Property 'className' does not exist on type 'IntrinsicAttributes & IntrinsicClassAttributes<Text> & Readonly<TextProps>'.
../ui/src/stepper.tsx(59,23): error TS2769: No overload matches this call.
  Overload 1 of 2, '(props: ViewProps): View', gave the following error.
    Type '{ children: Element; className: string; }' is not assignable to type 'IntrinsicAttributes & IntrinsicClassAttributes<View> & Readonly<ViewProps>'.
      Property 'className' does not exist on type 'IntrinsicAttributes & IntrinsicClassAttributes<View> & Readonly<ViewProps>'.
  Overload 2 of 2, '(props: ViewProps, context: any): View', gave the following error.
    Type '{ children: Element; className: string; }' is not assignable to type 'IntrinsicAttributes & IntrinsicClassAttributes<View> & Readonly<ViewProps>'.
      Property 'className' does not exist on type 'IntrinsicAttributes & IntrinsicClassAttributes<View> & Readonly<ViewProps>'.
../ui/src/stepper.tsx(61,21): error TS2769: No overload matches this call.
  Overload 1 of 2, '(props: ViewProps): View', gave the following error.
    Type '{ className: string; }' is not assignable to type 'IntrinsicAttributes & IntrinsicClassAttributes<View> & Readonly<ViewProps>'.
      Property 'className' does not exist on type 'IntrinsicAttributes & IntrinsicClassAttributes<View> & Readonly<ViewProps>'.
  Overload 2 of 2, '(props: ViewProps, context: any): View', gave the following error.
    Type '{ className: string; }' is not assignable to type 'IntrinsicAttributes & IntrinsicClassAttributes<View> & Readonly<ViewProps>'.
      Property 'className' does not exist on type 'IntrinsicAttributes & IntrinsicClassAttributes<View> & Readonly<ViewProps>'.
../ui/src/streaming-result.tsx(31,11): error TS2769: No overload matches this call.
  Overload 1 of 2, '(props: ViewProps): View', gave the following error.
    Type '{ children: Element[]; className: string; }' is not assignable to type 'IntrinsicAttributes & IntrinsicClassAttributes<View> & Readonly<ViewProps>'.
      Property 'className' does not exist on type 'IntrinsicAttributes & IntrinsicClassAttributes<View> & Readonly<ViewProps>'.
  Overload 2 of 2, '(props: ViewProps, context: any): View', gave the following error.
    Type '{ children: Element[]; className: string; }' is not assignable to type 'IntrinsicAttributes & IntrinsicClassAttributes<View> & Readonly<ViewProps>'.
      Property 'className' does not exist on type 'IntrinsicAttributes & IntrinsicClassAttributes<View> & Readonly<ViewProps>'.
../ui/src/streaming-result.tsx(34,15): error TS2769: No overload matches this call.
  Overload 1 of 2, '(props: ViewProps): View', gave the following error.
    Type '{ children: Element[]; className: string; }' is not assignable to type 'IntrinsicAttributes & IntrinsicClassAttributes<View> & Readonly<ViewProps>'.
      Property 'className' does not exist on type 'IntrinsicAttributes & IntrinsicClassAttributes<View> & Readonly<ViewProps>'.
  Overload 2 of 2, '(props: ViewProps, context: any): View', gave the following error.
    Type '{ children: Element[]; className: string; }' is not assignable to type 'IntrinsicAttributes & IntrinsicClassAttributes<View> & Readonly<ViewProps>'.
      Property 'className' does not exist on type 'IntrinsicAttributes & IntrinsicClassAttributes<View> & Readonly<ViewProps>'.
../ui/src/streaming-result.tsx(35,17): error TS2769: No overload matches this call.
  Overload 1 of 2, '(props: ViewProps): View', gave the following error.
    Type '{ children: (false | Element)[]; className: string; }' is not assignable to type 'IntrinsicAttributes & IntrinsicClassAttributes<View> & Readonly<ViewProps>'.
      Property 'className' does not exist on type 'IntrinsicAttributes & IntrinsicClassAttributes<View> & Readonly<ViewProps>'.
  Overload 2 of 2, '(props: ViewProps, context: any): View', gave the following error.
    Type '{ children: (false | Element)[]; className: string; }' is not assignable to type 'IntrinsicAttributes & IntrinsicClassAttributes<View> & Readonly<ViewProps>'.
      Property 'className' does not exist on type 'IntrinsicAttributes & IntrinsicClassAttributes<View> & Readonly<ViewProps>'.
../ui/src/streaming-result.tsx(37,19): error TS2769: No overload matches this call.
  Overload 1 of 2, '(props: TextProps): Text', gave the following error.
    Type '{ children: string; className: string; }' is not assignable to type 'IntrinsicAttributes & IntrinsicClassAttributes<Text> & Readonly<TextProps>'.
      Property 'className' does not exist on type 'IntrinsicAttributes & IntrinsicClassAttributes<Text> & Readonly<TextProps>'.
  Overload 2 of 2, '(props: TextProps, context: any): Text', gave the following error.
    Type '{ children: string; className: string; }' is not assignable to type 'IntrinsicAttributes & IntrinsicClassAttributes<Text> & Readonly<TextProps>'.
      Property 'className' does not exist on type 'IntrinsicAttributes & IntrinsicClassAttributes<Text> & Readonly<TextProps>'.
../ui/src/streaming-result.tsx(41,17): error TS2769: No overload matches this call.
  Overload 1 of 2, '(props: TextProps): Text', gave the following error.
    Type '{ children: (string | number)[]; className: string; }' is not assignable to type 'IntrinsicAttributes & IntrinsicClassAttributes<Text> & Readonly<TextProps>'.
      Property 'className' does not exist on type 'IntrinsicAttributes & IntrinsicClassAttributes<Text> & Readonly<TextProps>'.
  Overload 2 of 2, '(props: TextProps, context: any): Text', gave the following error.
    Type '{ children: (string | number)[]; className: string; }' is not assignable to type 'IntrinsicAttributes & IntrinsicClassAttributes<Text> & Readonly<TextProps>'.
      Property 'className' does not exist on type 'IntrinsicAttributes & IntrinsicClassAttributes<Text> & Readonly<TextProps>'.
../ui/src/streaming-result.tsx(45,15): error TS2769: No overload matches this call.
  Overload 1 of 2, '(props: ViewProps): View', gave the following error.
    Type '{ children: Element; className: string; }' is not assignable to type 'IntrinsicAttributes & IntrinsicClassAttributes<View> & Readonly<ViewProps>'.
      Property 'className' does not exist on type 'IntrinsicAttributes & IntrinsicClassAttributes<View> & Readonly<ViewProps>'.
  Overload 2 of 2, '(props: ViewProps, context: any): View', gave the following error.
    Type '{ children: Element; className: string; }' is not assignable to type 'IntrinsicAttributes & IntrinsicClassAttributes<View> & Readonly<ViewProps>'.
      Property 'className' does not exist on type 'IntrinsicAttributes & IntrinsicClassAttributes<View> & Readonly<ViewProps>'.
../ui/src/streaming-result.tsx(47,13): error TS2769: No overload matches this call.
  Overload 1 of 2, '(props: ViewProps): View', gave the following error.
    Type '{ className: string; style: { width: `${number}%`; }; }' is not assignable to type 'IntrinsicAttributes & IntrinsicClassAttributes<View> & Readonly<ViewProps>'.
      Property 'className' does not exist on type 'IntrinsicAttributes & IntrinsicClassAttributes<View> & Readonly<ViewProps>'.
  Overload 2 of 2, '(props: ViewProps, context: any): View', gave the following error.
    Type '{ className: string; style: { width: `${number}%`; }; }' is not assignable to type 'IntrinsicAttributes & IntrinsicClassAttributes<View> & Readonly<ViewProps>'.
      Property 'className' does not exist on type 'IntrinsicAttributes & IntrinsicClassAttributes<View> & Readonly<ViewProps>'.
../ui/src/streaming-result.tsx(55,15): error TS2769: No overload matches this call.
  Overload 1 of 2, '(props: ViewProps): View', gave the following error.
    Type '{ children: Element; className: string; }' is not assignable to type 'IntrinsicAttributes & IntrinsicClassAttributes<View> & Readonly<ViewProps>'.
      Property 'className' does not exist on type 'IntrinsicAttributes & IntrinsicClassAttributes<View> & Readonly<ViewProps>'.
  Overload 2 of 2, '(props: ViewProps, context: any): View', gave the following error.
    Type '{ children: Element; className: string; }' is not assignable to type 'IntrinsicAttributes & IntrinsicClassAttributes<View> & Readonly<ViewProps>'.
      Property 'className' does not exist on type 'IntrinsicAttributes & IntrinsicClassAttributes<View> & Readonly<ViewProps>'.
../ui/src/streaming-result.tsx(56,17): error TS2769: No overload matches this call.
  Overload 1 of 2, '(props: TextProps): Text', gave the following error.
    Type '{ children: string; className: string; }' is not assignable to type 'IntrinsicAttributes & IntrinsicClassAttributes<Text> & Readonly<TextProps>'.
      Property 'className' does not exist on type 'IntrinsicAttributes & IntrinsicClassAttributes<Text> & Readonly<TextProps>'.
  Overload 2 of 2, '(props: TextProps, context: any): Text', gave the following error.
    Type '{ children: string; className: string; }' is not assignable to type 'IntrinsicAttributes & IntrinsicClassAttributes<Text> & Readonly<TextProps>'.
      Property 'className' does not exist on type 'IntrinsicAttributes & IntrinsicClassAttributes<Text> & Readonly<TextProps>'.
../ui/src/streaming-result.tsx(60,21): error TS2769: No overload matches this call.
  Overload 1 of 2, '(props: ScrollViewProps): ScrollView', gave the following error.
    Type '{ children: Element; className: string; nestedScrollEnabled: true; }' is not assignable to type 'IntrinsicAttributes & IntrinsicClassAttributes<ScrollView> & Readonly<ScrollViewProps>'.
      Property 'className' does not exist on type 'IntrinsicAttributes & IntrinsicClassAttributes<ScrollView> & Readonly<ScrollViewProps>'.
  Overload 2 of 2, '(props: ScrollViewProps, context: any): ScrollView', gave the following error.
    Type '{ children: Element; className: string; nestedScrollEnabled: true; }' is not assignable to type 'IntrinsicAttributes & IntrinsicClassAttributes<ScrollView> & Readonly<ScrollViewProps>'.
      Property 'className' does not exist on type 'IntrinsicAttributes & IntrinsicClassAttributes<ScrollView> & Readonly<ScrollViewProps>'.
../ui/src/streaming-result.tsx(62,19): error TS2769: No overload matches this call.
  Overload 1 of 2, '(props: TextProps): Text', gave the following error.
    Type '{ children: string; className: string; }' is not assignable to type 'IntrinsicAttributes & IntrinsicClassAttributes<Text> & Readonly<TextProps>'.
      Property 'className' does not exist on type 'IntrinsicAttributes & IntrinsicClassAttributes<Text> & Readonly<TextProps>'.
  Overload 2 of 2, '(props: TextProps, context: any): Text', gave the following error.
    Type '{ children: string; className: string; }' is not assignable to type 'IntrinsicAttributes & IntrinsicClassAttributes<Text> & Readonly<TextProps>'.
      Property 'className' does not exist on type 'IntrinsicAttributes & IntrinsicClassAttributes<Text> & Readonly<TextProps>'.
../ui/src/streaming-result.tsx(66,19): error TS2769: No overload matches this call.
  Overload 1 of 2, '(props: ViewProps): View', gave the following error.
    Type '{ children: Element[]; className: string; }' is not assignable to type 'IntrinsicAttributes & IntrinsicClassAttributes<View> & Readonly<ViewProps>'.
      Property 'className' does not exist on type 'IntrinsicAttributes & IntrinsicClassAttributes<View> & Readonly<ViewProps>'.
  Overload 2 of 2, '(props: ViewProps, context: any): View', gave the following error.
    Type '{ children: Element[]; className: string; }' is not assignable to type 'IntrinsicAttributes & IntrinsicClassAttributes<View> & Readonly<ViewProps>'.
      Property 'className' does not exist on type 'IntrinsicAttributes & IntrinsicClassAttributes<View> & Readonly<ViewProps>'.
../ui/src/streaming-result.tsx(68,35): error TS2769: No overload matches this call.
  Overload 1 of 2, '(props: ViewProps): View', gave the following error.
    Type '{ children: Element[]; key: number; className: string; }' is not assignable to type 'IntrinsicAttributes & IntrinsicClassAttributes<View> & Readonly<ViewProps>'.
      Property 'className' does not exist on type 'IntrinsicAttributes & IntrinsicClassAttributes<View> & Readonly<ViewProps>'.
  Overload 2 of 2, '(props: ViewProps, context: any): View', gave the following error.
    Type '{ children: Element[]; key: number; className: string; }' is not assignable to type 'IntrinsicAttributes & IntrinsicClassAttributes<View> & Readonly<ViewProps>'.
      Property 'className' does not exist on type 'IntrinsicAttributes & IntrinsicClassAttributes<View> & Readonly<ViewProps>'.
../ui/src/streaming-result.tsx(70,21): error TS2769: No overload matches this call.
  Overload 1 of 2, '(props: ViewProps): View', gave the following error.
    Type '{ className: string; }' is not assignable to type 'IntrinsicAttributes & IntrinsicClassAttributes<View> & Readonly<ViewProps>'.
      Property 'className' does not exist on type 'IntrinsicAttributes & IntrinsicClassAttributes<View> & Readonly<ViewProps>'.
  Overload 2 of 2, '(props: ViewProps, context: any): View', gave the following error.
    Type '{ className: string; }' is not assignable to type 'IntrinsicAttributes & IntrinsicClassAttributes<View> & Readonly<ViewProps>'.
      Property 'className' does not exist on type 'IntrinsicAttributes & IntrinsicClassAttributes<View> & Readonly<ViewProps>'.
../ui/src/streaming-result.tsx(78,25): error TS2769: No overload matches this call.
  Overload 1 of 2, '(props: ViewProps): View', gave the following error.
    Type '{ children: Element[]; className: string; }' is not assignable to type 'IntrinsicAttributes & IntrinsicClassAttributes<View> & Readonly<ViewProps>'.
      Property 'className' does not exist on type 'IntrinsicAttributes & IntrinsicClassAttributes<View> & Readonly<ViewProps>'.
  Overload 2 of 2, '(props: ViewProps, context: any): View', gave the following error.
    Type '{ children: Element[]; className: string; }' is not assignable to type 'IntrinsicAttributes & IntrinsicClassAttributes<View> & Readonly<ViewProps>'.
      Property 'className' does not exist on type 'IntrinsicAttributes & IntrinsicClassAttributes<View> & Readonly<ViewProps>'.
../ui/src/streaming-result.tsx(79,27): error TS2769: No overload matches this call.
  Overload 1 of 2, '(props: TextProps): Text', gave the following error.
    Type '{ children: string; className: string; }' is not assignable to type 'IntrinsicAttributes & IntrinsicClassAttributes<Text> & Readonly<TextProps>'.
      Property 'className' does not exist on type 'IntrinsicAttributes & IntrinsicClassAttributes<Text> & Readonly<TextProps>'.
  Overload 2 of 2, '(props: TextProps, context: any): Text', gave the following error.
    Type '{ children: string; className: string; }' is not assignable to type 'IntrinsicAttributes & IntrinsicClassAttributes<Text> & Readonly<TextProps>'.
      Property 'className' does not exist on type 'IntrinsicAttributes & IntrinsicClassAttributes<Text> & Readonly<TextProps>'.
../ui/src/streaming-result.tsx(82,27): error TS2769: No overload matches this call.
  Overload 1 of 2, '(props: TextProps): Text', gave the following error.
    Type '{ children: string; className: string; }' is not assignable to type 'IntrinsicAttributes & IntrinsicClassAttributes<Text> & Readonly<TextProps>'.
      Property 'className' does not exist on type 'IntrinsicAttributes & IntrinsicClassAttributes<Text> & Readonly<TextProps>'.
  Overload 2 of 2, '(props: TextProps, context: any): Text', gave the following error.
    Type '{ children: string; className: string; }' is not assignable to type 'IntrinsicAttributes & IntrinsicClassAttributes<Text> & Readonly<TextProps>'.
      Property 'className' does not exist on type 'IntrinsicAttributes & IntrinsicClassAttributes<Text> & Readonly<TextProps>'.
../ui/src/tab-button.uniwind.tsx(27,7): error TS2322: Type '{ children: (false | Element)[]; onPress: () => void; className: string; style: ({ pressed }: PressableStateCallbackType) => { elevation?: number | undefined; ... 4 more ...; opacity: number; }; }' is not assignable to type 'IntrinsicAttributes & PressableProps & RefAttributes<View>'.
  Property 'className' does not exist on type 'IntrinsicAttributes & PressableProps & RefAttributes<View>'.
../ui/src/tab-button.uniwind.tsx(50,9): error TS2769: No overload matches this call.
  Overload 1 of 2, '(props: TextProps): Text', gave the following error.
    Type '{ children: string; className: string; }' is not assignable to type 'IntrinsicAttributes & IntrinsicClassAttributes<Text> & Readonly<TextProps>'.
      Property 'className' does not exist on type 'IntrinsicAttributes & IntrinsicClassAttributes<Text> & Readonly<TextProps>'.
  Overload 2 of 2, '(props: TextProps, context: any): Text', gave the following error.
    Type '{ children: string; className: string; }' is not assignable to type 'IntrinsicAttributes & IntrinsicClassAttributes<Text> & Readonly<TextProps>'.
      Property 'className' does not exist on type 'IntrinsicAttributes & IntrinsicClassAttributes<Text> & Readonly<TextProps>'.
../ui/src/tab-button.uniwind.tsx(59,11): error TS2769: No overload matches this call.
  Overload 1 of 2, '(props: ViewProps): View', gave the following error.
    Type '{ children: Element; className: string; }' is not assignable to type 'IntrinsicAttributes & IntrinsicClassAttributes<View> & Readonly<ViewProps>'.
      Property 'className' does not exist on type 'IntrinsicAttributes & IntrinsicClassAttributes<View> & Readonly<ViewProps>'.
  Overload 2 of 2, '(props: ViewProps, context: any): View', gave the following error.
    Type '{ children: Element; className: string; }' is not assignable to type 'IntrinsicAttributes & IntrinsicClassAttributes<View> & Readonly<ViewProps>'.
      Property 'className' does not exist on type 'IntrinsicAttributes & IntrinsicClassAttributes<View> & Readonly<ViewProps>'.
../ui/src/tab-button.uniwind.tsx(65,13): error TS2769: No overload matches this call.
  Overload 1 of 2, '(props: TextProps): Text', gave the following error.
    Type '{ children: number; className: string; }' is not assignable to type 'IntrinsicAttributes & IntrinsicClassAttributes<Text> & Readonly<TextProps>'.
      Property 'className' does not exist on type 'IntrinsicAttributes & IntrinsicClassAttributes<Text> & Readonly<TextProps>'.
  Overload 2 of 2, '(props: TextProps, context: any): Text', gave the following error.
    Type '{ children: number; className: string; }' is not assignable to type 'IntrinsicAttributes & IntrinsicClassAttributes<Text> & Readonly<TextProps>'.
      Property 'className' does not exist on type 'IntrinsicAttributes & IntrinsicClassAttributes<Text> & Readonly<TextProps>'.
../ui/src/typography.tsx(272,9): error TS2322: Type 'LegacyRef<HTMLElement>' is not assignable to type '(((((instance: HTMLElement | null) => void | (() => VoidOrUndefinedOnly)) | RefObject<HTMLElement | null>) & (((instance: HTMLLabelElement | null) => void | (() => VoidOrUndefinedOnly)) | RefObject<...>)) & ((RefObject<...> | ((instance: HTMLDivElement | null) => void | (() => VoidOrUndefinedOnly))) & ((RefObject<.....'.
  Type 'RefObject<HTMLElement | null>' is not assignable to type '(((((instance: HTMLElement | null) => void | (() => VoidOrUndefinedOnly)) | RefObject<HTMLElement | null>) & (((instance: HTMLLabelElement | null) => void | (() => VoidOrUndefinedOnly)) | RefObject<...>)) & ((RefObject<...> | ((instance: HTMLDivElement | null) => void | (() => VoidOrUndefinedOnly))) & ((RefObject<.....'.
    Type 'RefObject<HTMLElement | null>' is not assignable to type 'RefObject<HTMLElement | null> & RefObject<HTMLLabelElement | null> & ((instance: HTMLDivElement | null) => void | (() => VoidOrUndefinedOnly)) & ((instance: HTMLParagraphElement | null) => void | (() => VoidOrUndefinedOnly)) & RefObject<...>'.
      Type 'RefObject<HTMLElement | null>' is not assignable to type 'RefObject<HTMLLabelElement | null>'.
        Type 'HTMLElement | null' is not assignable to type 'HTMLLabelElement | null'.
          Type 'HTMLElement' is missing the following properties from type 'HTMLLabelElement': control, form, htmlFor
../ui/src/visual-builder/components/base/MetadataForm.tsx(56,44): error TS2345: Argument of type 'unknown' is not assignable to parameter of type 'MetadataField'.
../ui/src/visual-builder/components/base/MetadataForm.tsx(57,40): error TS18046: 'field' is of type 'unknown'.
../ui/src/visual-builder/components/base/MetadataForm.tsx(61,21): error TS18046: 'field' is of type 'unknown'.
../ui/src/visual-builder/components/base/MetadataForm.tsx(68,16): error TS18046: 'field' is of type 'unknown'.
../ui/src/visual-builder/components/base/MetadataForm.tsx(70,14): error TS18046: 'field' is of type 'unknown'.
../ui/src/visual-builder/components/base/MetadataForm.tsx(72,24): error TS18046: 'field' is of type 'unknown'.
../ui/src/visual-builder/components/base/MetadataForm.tsx(74,19): error TS18046: 'field' is of type 'unknown'.
../ui/src/visual-builder/components/base/MetadataForm.tsx(76,27): error TS18046: 'field' is of type 'unknown'.
../ui/src/visual-builder/components/base/MetadataForm.tsx(80,19): error TS18046: 'field' is of type 'unknown'.
../ui/src/visual-builder/components/base/MetadataForm.tsx(83,18): error TS18046: 'field' is of type 'unknown'.
../ui/src/visual-builder/components/base/MetadataForm.tsx(84,32): error TS18046: 'option' is of type 'unknown'.
../ui/src/visual-builder/components/base/MetadataForm.tsx(84,53): error TS18046: 'option' is of type 'unknown'.
../ui/src/visual-builder/components/base/MetadataForm.tsx(85,22): error TS18046: 'option' is of type 'unknown'.
../ui/src/visual-builder/components/base/MetadataForm.tsx(89,17): error TS18046: 'field' is of type 'unknown'.
../ui/src/visual-builder/components/base/MetadataForm.tsx(92,24): error TS18046: 'field' is of type 'unknown'.
../ui/src/visual-builder/components/base/MetadataForm.tsx(94,19): error TS18046: 'field' is of type 'unknown'.
../ui/src/visual-builder/components/base/MetadataForm.tsx(96,27): error TS18046: 'field' is of type 'unknown'.
../ui/src/visual-builder/components/base/MetadataForm.tsx(97,22): error TS18046: 'field' is of type 'unknown'.
../ui/src/visual-builder/components/base/MetadataForm.tsx(98,22): error TS18046: 'field' is of type 'unknown'.
../ui/src/visual-builder/components/base/MetadataForm.tsx(99,30): error TS18046: 'field' is of type 'unknown'.
../ui/src/visual-builder/components/base/MetadataForm.tsx(103,19): error TS18046: 'field' is of type 'unknown'.
../ui/src/visual-builder/components/base/MetadataForm.tsx(109,24): error TS18046: 'field' is of type 'unknown'.
../ui/src/visual-builder/components/base/MetadataForm.tsx(111,19): error TS18046: 'field' is of type 'unknown'.
../ui/src/visual-builder/components/base/MetadataForm.tsx(113,27): error TS18046: 'field' is of type 'unknown'.
../ui/src/visual-builder/components/base/MetadataForm.tsx(114,30): error TS18046: 'field' is of type 'unknown'.
../ui/src/visual-builder/components/base/MetadataForm.tsx(118,19): error TS18046: 'field' is of type 'unknown'.
../ui/src/visual-builder/components/base/VersionHistory.tsx(57,20): error TS18046: 'v' is of type 'unknown'.
../ui/src/visual-builder/components/base/VersionHistory.tsx(67,29): error TS18046: 'v' is of type 'unknown'.
../ui/src/visual-builder/components/base/VersionHistory.tsx(72,29): error TS18046: 'v' is of type 'unknown'.
../ui/src/visual-builder/components/base/VersionHistory.tsx(76,42): error TS18046: 'v' is of type 'unknown'.
../ui/src/wizard-layout.tsx(57,11): error TS2769: No overload matches this call.
  Overload 1 of 2, '(props: ViewProps): View', gave the following error.
    Type '{ children: Element[]; className: string; }' is not assignable to type 'IntrinsicAttributes & IntrinsicClassAttributes<View> & Readonly<ViewProps>'.
      Property 'className' does not exist on type 'IntrinsicAttributes & IntrinsicClassAttributes<View> & Readonly<ViewProps>'.
  Overload 2 of 2, '(props: ViewProps, context: any): View', gave the following error.
    Type '{ children: Element[]; className: string; }' is not assignable to type 'IntrinsicAttributes & IntrinsicClassAttributes<View> & Readonly<ViewProps>'.
      Property 'className' does not exist on type 'IntrinsicAttributes & IntrinsicClassAttributes<View> & Readonly<ViewProps>'.
../ui/src/wizard-layout.tsx(59,13): error TS2769: No overload matches this call.
  Overload 1 of 2, '(props: ViewProps): View', gave the following error.
    Type '{ children: ("" | Element | undefined)[]; className: string; }' is not assignable to type 'IntrinsicAttributes & IntrinsicClassAttributes<View> & Readonly<ViewProps>'.
      Property 'className' does not exist on type 'IntrinsicAttributes & IntrinsicClassAttributes<View> & Readonly<ViewProps>'.
  Overload 2 of 2, '(props: ViewProps, context: any): View', gave the following error.
    Type '{ children: ("" | Element | undefined)[]; className: string; }' is not assignable to type 'IntrinsicAttributes & IntrinsicClassAttributes<View> & Readonly<ViewProps>'.
      Property 'className' does not exist on type 'IntrinsicAttributes & IntrinsicClassAttributes<View> & Readonly<ViewProps>'.
../ui/src/wizard-layout.tsx(61,17): error TS2769: No overload matches this call.
  Overload 1 of 2, '(props: TextProps): Text', gave the following error.
    Type '{ children: string; className: string; }' is not assignable to type 'IntrinsicAttributes & IntrinsicClassAttributes<Text> & Readonly<TextProps>'.
      Property 'className' does not exist on type 'IntrinsicAttributes & IntrinsicClassAttributes<Text> & Readonly<TextProps>'.
  Overload 2 of 2, '(props: TextProps, context: any): Text', gave the following error.
    Type '{ children: string; className: string; }' is not assignable to type 'IntrinsicAttributes & IntrinsicClassAttributes<Text> & Readonly<TextProps>'.
      Property 'className' does not exist on type 'IntrinsicAttributes & IntrinsicClassAttributes<Text> & Readonly<TextProps>'.
../ui/src/wizard-layout.tsx(64,17): error TS2769: No overload matches this call.
  Overload 1 of 2, '(props: TextProps): Text', gave the following error.
    Type '{ children: string; className: string; }' is not assignable to type 'IntrinsicAttributes & IntrinsicClassAttributes<Text> & Readonly<TextProps>'.
      Property 'className' does not exist on type 'IntrinsicAttributes & IntrinsicClassAttributes<Text> & Readonly<TextProps>'.
  Overload 2 of 2, '(props: TextProps, context: any): Text', gave the following error.
    Type '{ children: string; className: string; }' is not assignable to type 'IntrinsicAttributes & IntrinsicClassAttributes<Text> & Readonly<TextProps>'.
      Property 'className' does not exist on type 'IntrinsicAttributes & IntrinsicClassAttributes<Text> & Readonly<TextProps>'.
../ui/src/wizard-layout.tsx(68,15): error TS2769: No overload matches this call.
  Overload 1 of 2, '(props: ViewProps): View', gave the following error.
    Type '{ children: Element; className: string; }' is not assignable to type 'IntrinsicAttributes & IntrinsicClassAttributes<View> & Readonly<ViewProps>'.
      Property 'className' does not exist on type 'IntrinsicAttributes & IntrinsicClassAttributes<View> & Readonly<ViewProps>'.
  Overload 2 of 2, '(props: ViewProps, context: any): View', gave the following error.
    Type '{ children: Element; className: string; }' is not assignable to type 'IntrinsicAttributes & IntrinsicClassAttributes<View> & Readonly<ViewProps>'.
      Property 'className' does not exist on type 'IntrinsicAttributes & IntrinsicClassAttributes<View> & Readonly<ViewProps>'.
../ui/src/wizard-layout.tsx(69,17): error TS2769: No overload matches this call.
  Overload 1 of 2, '(props: ViewProps): View', gave the following error.
    Type '{ children: Element[]; className: string; }' is not assignable to type 'IntrinsicAttributes & IntrinsicClassAttributes<View> & Readonly<ViewProps>'.
      Property 'className' does not exist on type 'IntrinsicAttributes & IntrinsicClassAttributes<View> & Readonly<ViewProps>'.
  Overload 2 of 2, '(props: ViewProps, context: any): View', gave the following error.
    Type '{ children: Element[]; className: string; }' is not assignable to type 'IntrinsicAttributes & IntrinsicClassAttributes<View> & Readonly<ViewProps>'.
      Property 'className' does not exist on type 'IntrinsicAttributes & IntrinsicClassAttributes<View> & Readonly<ViewProps>'.
../ui/src/wizard-layout.tsx(75,37): error TS2769: No overload matches this call.
  Overload 1 of 2, '(props: ViewProps): View', gave the following error.
    Type '{ children: (false | Element)[]; key: string; className: string; }' is not assignable to type 'IntrinsicAttributes & IntrinsicClassAttributes<View> & Readonly<ViewProps>'.
      Property 'className' does not exist on type 'IntrinsicAttributes & IntrinsicClassAttributes<View> & Readonly<ViewProps>'.
  Overload 2 of 2, '(props: ViewProps, context: any): View', gave the following error.
    Type '{ children: (false | Element)[]; key: string; className: string; }' is not assignable to type 'IntrinsicAttributes & IntrinsicClassAttributes<View> & Readonly<ViewProps>'.
      Property 'className' does not exist on type 'IntrinsicAttributes & IntrinsicClassAttributes<View> & Readonly<ViewProps>'.
../ui/src/wizard-layout.tsx(77,21): error TS2769: No overload matches this call.
  Overload 1 of 2, '(props: ViewProps): View', gave the following error.
    Type '{ className: string; }' is not assignable to type 'IntrinsicAttributes & IntrinsicClassAttributes<View> & Readonly<ViewProps>'.
      Property 'className' does not exist on type 'IntrinsicAttributes & IntrinsicClassAttributes<View> & Readonly<ViewProps>'.
  Overload 2 of 2, '(props: ViewProps, context: any): View', gave the following error.
    Type '{ className: string; }' is not assignable to type 'IntrinsicAttributes & IntrinsicClassAttributes<View> & Readonly<ViewProps>'.
      Property 'className' does not exist on type 'IntrinsicAttributes & IntrinsicClassAttributes<View> & Readonly<ViewProps>'.
../ui/src/wizard-layout.tsx(87,27): error TS2769: No overload matches this call.
  Overload 1 of 2, '(props: TextProps): Text', gave the following error.
    Type '{ children: (string | number)[]; className: string; }' is not assignable to type 'IntrinsicAttributes & IntrinsicClassAttributes<Text> & Readonly<TextProps>'.
      Property 'className' does not exist on type 'IntrinsicAttributes & IntrinsicClassAttributes<Text> & Readonly<TextProps>'.
  Overload 2 of 2, '(props: TextProps, context: any): Text', gave the following error.
    Type '{ children: (string | number)[]; className: string; }' is not assignable to type 'IntrinsicAttributes & IntrinsicClassAttributes<Text> & Readonly<TextProps>'.
      Property 'className' does not exist on type 'IntrinsicAttributes & IntrinsicClassAttributes<Text> & Readonly<TextProps>'.
../ui/src/wizard-layout.tsx(100,9): error TS2769: No overload matches this call.
  Overload 1 of 2, '(props: ScrollViewProps): ScrollView', gave the following error.
    Type '{ children: Element[]; className: string; contentContainerStyle: { paddingBottom: number; }; showsVerticalScrollIndicator: false; }' is not assignable to type 'IntrinsicAttributes & IntrinsicClassAttributes<ScrollView> & Readonly<ScrollViewProps>'.
      Property 'className' does not exist on type 'IntrinsicAttributes & IntrinsicClassAttributes<ScrollView> & Readonly<ScrollViewProps>'.
  Overload 2 of 2, '(props: ScrollViewProps, context: any): ScrollView', gave the following error.
    Type '{ children: Element[]; className: string; contentContainerStyle: { paddingBottom: number; }; showsVerticalScrollIndicator: false; }' is not assignable to type 'IntrinsicAttributes & IntrinsicClassAttributes<ScrollView> & Readonly<ScrollViewProps>'.
      Property 'className' does not exist on type 'IntrinsicAttributes & IntrinsicClassAttributes<ScrollView> & Readonly<ScrollViewProps>'.
../ui/src/wizard-layout.tsx(104,15): error TS2769: No overload matches this call.
  Overload 1 of 2, '(props: ViewProps): View', gave the following error.
    Type '{ children: ("" | Element | undefined)[]; className: string; }' is not assignable to type 'IntrinsicAttributes & IntrinsicClassAttributes<View> & Readonly<ViewProps>'.
      Property 'className' does not exist on type 'IntrinsicAttributes & IntrinsicClassAttributes<View> & Readonly<ViewProps>'.
  Overload 2 of 2, '(props: ViewProps, context: any): View', gave the following error.
    Type '{ children: ("" | Element | undefined)[]; className: string; }' is not assignable to type 'IntrinsicAttributes & IntrinsicClassAttributes<View> & Readonly<ViewProps>'.
      Property 'className' does not exist on type 'IntrinsicAttributes & IntrinsicClassAttributes<View> & Readonly<ViewProps>'.
../ui/src/wizard-layout.tsx(105,17): error TS2769: No overload matches this call.
  Overload 1 of 2, '(props: TextProps): Text', gave the following error.
    Type '{ children: string; className: string; }' is not assignable to type 'IntrinsicAttributes & IntrinsicClassAttributes<Text> & Readonly<TextProps>'.
      Property 'className' does not exist on type 'IntrinsicAttributes & IntrinsicClassAttributes<Text> & Readonly<TextProps>'.
  Overload 2 of 2, '(props: TextProps, context: any): Text', gave the following error.
    Type '{ children: string; className: string; }' is not assignable to type 'IntrinsicAttributes & IntrinsicClassAttributes<Text> & Readonly<TextProps>'.
      Property 'className' does not exist on type 'IntrinsicAttributes & IntrinsicClassAttributes<Text> & Readonly<TextProps>'.
../ui/src/wizard-layout.tsx(109,19): error TS2769: No overload matches this call.
  Overload 1 of 2, '(props: TextProps): Text', gave the following error.
    Type '{ children: string; className: string; }' is not assignable to type 'IntrinsicAttributes & IntrinsicClassAttributes<Text> & Readonly<TextProps>'.
      Property 'className' does not exist on type 'IntrinsicAttributes & IntrinsicClassAttributes<Text> & Readonly<TextProps>'.
  Overload 2 of 2, '(props: TextProps, context: any): Text', gave the following error.
    Type '{ children: string; className: string; }' is not assignable to type 'IntrinsicAttributes & IntrinsicClassAttributes<Text> & Readonly<TextProps>'.
      Property 'className' does not exist on type 'IntrinsicAttributes & IntrinsicClassAttributes<Text> & Readonly<TextProps>'.
../ui/src/wizard-layout.tsx(115,15): error TS2769: No overload matches this call.
  Overload 1 of 2, '(props: ViewProps): View', gave the following error.
    Type '{ children: ReactNode; className: string; }' is not assignable to type 'IntrinsicAttributes & IntrinsicClassAttributes<View> & Readonly<ViewProps>'.
      Property 'className' does not exist on type 'IntrinsicAttributes & IntrinsicClassAttributes<View> & Readonly<ViewProps>'.
  Overload 2 of 2, '(props: ViewProps, context: any): View', gave the following error.
    Type '{ children: ReactNode; className: string; }' is not assignable to type 'IntrinsicAttributes & IntrinsicClassAttributes<View> & Readonly<ViewProps>'.
      Property 'className' does not exist on type 'IntrinsicAttributes & IntrinsicClassAttributes<View> & Readonly<ViewProps>'.
../ui/src/wizard-layout.tsx(126,11): error TS2322: Type '{ children: Element[]; onPress: () => void; disabled: boolean; className: string; }' is not assignable to type 'IntrinsicAttributes & TouchableOpacityProps & RefAttributes<View>'.
  Property 'className' does not exist on type 'IntrinsicAttributes & TouchableOpacityProps & RefAttributes<View>'.
../ui/src/wizard-layout.tsx(133,34): error TS2322: Type '{ size: number; className: string; }' is not assignable to type 'IntrinsicAttributes & LucideProps'.
  Property 'className' does not exist on type 'IntrinsicAttributes & LucideProps'.
../ui/src/wizard-layout.tsx(134,17): error TS2769: No overload matches this call.
  Overload 1 of 2, '(props: TextProps): Text', gave the following error.
    Type '{ children: string; className: string; }' is not assignable to type 'IntrinsicAttributes & IntrinsicClassAttributes<Text> & Readonly<TextProps>'.
      Property 'className' does not exist on type 'IntrinsicAttributes & IntrinsicClassAttributes<Text> & Readonly<TextProps>'.
  Overload 2 of 2, '(props: TextProps, context: any): Text', gave the following error.
    Type '{ children: string; className: string; }' is not assignable to type 'IntrinsicAttributes & IntrinsicClassAttributes<Text> & Readonly<TextProps>'.
      Property 'className' does not exist on type 'IntrinsicAttributes & IntrinsicClassAttributes<Text> & Readonly<TextProps>'.
../ui/src/wizard-layout.tsx(143,17): error TS2769: No overload matches this call.
  Overload 1 of 2, '(props: ViewProps): View', gave the following error.
    Type '{ children: (false | Element)[]; className: string; }' is not assignable to type 'IntrinsicAttributes & IntrinsicClassAttributes<View> & Readonly<ViewProps>'.
      Property 'className' does not exist on type 'IntrinsicAttributes & IntrinsicClassAttributes<View> & Readonly<ViewProps>'.
  Overload 2 of 2, '(props: ViewProps, context: any): View', gave the following error.
    Type '{ children: (false | Element)[]; className: string; }' is not assignable to type 'IntrinsicAttributes & IntrinsicClassAttributes<View> & Readonly<ViewProps>'.
      Property 'className' does not exist on type 'IntrinsicAttributes & IntrinsicClassAttributes<View> & Readonly<ViewProps>'.
../ui/src/wizard-layout.tsx(144,19): error TS2769: No overload matches this call.
  Overload 1 of 2, '(props: TextProps): Text', gave the following error.
    Type '{ children: string; className: string; }' is not assignable to type 'IntrinsicAttributes & IntrinsicClassAttributes<Text> & Readonly<TextProps>'.
      Property 'className' does not exist on type 'IntrinsicAttributes & IntrinsicClassAttributes<Text> & Readonly<TextProps>'.
  Overload 2 of 2, '(props: TextProps, context: any): Text', gave the following error.
    Type '{ children: string; className: string; }' is not assignable to type 'IntrinsicAttributes & IntrinsicClassAttributes<Text> & Readonly<TextProps>'.
      Property 'className' does not exist on type 'IntrinsicAttributes & IntrinsicClassAttributes<Text> & Readonly<TextProps>'.
../ui/src/xplat/button.tsx(1,1): error TS6133: 'React' is declared but its value is never read.
../ui/src/xplat/card.tsx(1,1): error TS6133: 'React' is declared but its value is never read.
../ui/src/xplat/card.tsx(27,9): error TS2322: Type 'string | number | bigint | boolean | ReactElement<unknown, string | JSXElementConstructor<any>> | Iterable<ReactNode> | Promise<...> | ((state: PressableStateCallbackType) => ReactNode) | null | undefined' is not assignable to type 'ReactNode'.
  Type '(state: PressableStateCallbackType) => ReactNode' is not assignable to type 'ReactNode'.
../ui/src/xplat/card.tsx(45,7): error TS2769: No overload matches this call.
  Overload 1 of 2, '(props: ViewProps): View', gave the following error.
    Type 'ReactNode | ((state: PressableStateCallbackType) => ReactNode)' is not assignable to type 'ReactNode'.
      Type '(state: PressableStateCallbackType) => ReactNode' is not assignable to type 'ReactNode'.
  Overload 2 of 2, '(props: ViewProps, context: any): View', gave the following error.
    Type 'ReactNode | ((state: PressableStateCallbackType) => ReactNode)' is not assignable to type 'ReactNode'.
      Type '(state: PressableStateCallbackType) => ReactNode' is not assignable to type 'ReactNode'.
ELIFECYCLE Command failed with exit code 2.
